{"C:\\Users\\Julian\\Documents\\Julian\\P\\Vertex Store\\frontend\\src\\App.tsx": {"path":"C:\\Users\\Julian\\Documents\\Julian\\P\\Vertex Store\\frontend\\src\\App.tsx","statementMap":{"0":{"start":{"line":1,"column":0},"end":{"line":1,"column":59}},"1":{"start":{"line":2,"column":0},"end":{"line":2,"column":42}},"2":{"start":{"line":3,"column":0},"end":{"line":3,"column":63}},"3":{"start":{"line":4,"column":0},"end":{"line":4,"column":46}},"4":{"start":{"line":5,"column":0},"end":{"line":5,"column":48}},"5":{"start":{"line":6,"column":0},"end":{"line":6,"column":46}},"6":{"start":{"line":7,"column":0},"end":{"line":7,"column":44}},"7":{"start":{"line":9,"column":12},"end":{"line":34,"column":1}},"8":{"start":{"line":10,"column":19},"end":{"line":10,"column":46}},"9":{"start":{"line":12,"column":21},"end":{"line":12,"column":54}},"10":{"start":{"line":13,"column":18},"end":{"line":13,"column":40}},"11":{"start":{"line":14,"column":25},"end":{"line":14,"column":54}},"12":{"start":{"line":16,"column":2},"end":{"line":33,"column":4}},"13":{"start":{"line":36,"column":0},"end":{"line":36,"column":19}}},"fnMap":{"0":{"name":"(anonymous_1)","decl":{"start":{"line":9,"column":12},"end":{"line":9,"column":15}},"loc":{"start":{"line":9,"column":17},"end":{"line":34,"column":1}}}},"branchMap":{"0":{"loc":{"start":{"line":21,"column":17},"end":{"line":21,"column":76}},"type":"cond-expr","locations":[{"start":{"line":21,"column":30},"end":{"line":21,"column":46}},{"start":{"line":21,"column":49},"end":{"line":21,"column":76}}]},"1":{"loc":{"start":{"line":25,"column":17},"end":{"line":25,"column":72}},"type":"cond-expr","locations":[{"start":{"line":25,"column":27},"end":{"line":25,"column":42}},{"start":{"line":25,"column":45},"end":{"line":25,"column":72}}]},"2":{"loc":{"start":{"line":29,"column":17},"end":{"line":29,"column":78}},"type":"cond-expr","locations":[{"start":{"line":29,"column":34},"end":{"line":29,"column":48}},{"start":{"line":29,"column":51},"end":{"line":29,"column":78}}]}},"s":{"0":1,"1":1,"2":1,"3":1,"4":1,"5":1,"6":1,"7":1,"8":8,"9":8,"10":8,"11":8,"12":8,"13":1},"f":{"0":8},"b":{"0":[3,5],"1":[2,6],"2":[1,7]}}
,"C:\\Users\\Julian\\Documents\\Julian\\P\\Vertex Store\\frontend\\src\\components\\auth\\LoginModal.tsx": {"path":"C:\\Users\\Julian\\Documents\\Julian\\P\\Vertex Store\\frontend\\src\\components\\auth\\LoginModal.tsx","statementMap":{"0":{"start":{"line":1,"column":0},"end":{"line":1,"column":null}},"1":{"start":{"line":5,"column":0},"end":{"line":5,"column":33}},"2":{"start":{"line":6,"column":0},"end":{"line":6,"column":42}},"3":{"start":{"line":7,"column":0},"end":{"line":7,"column":60}},"4":{"start":{"line":8,"column":0},"end":{"line":8,"column":63}},"5":{"start":{"line":17,"column":19},"end":{"line":87,"column":1}},"6":{"start":{"line":18,"column":19},"end":{"line":18,"column":32}},"7":{"start":{"line":19,"column":33},"end":{"line":19,"column":51}},"8":{"start":{"line":20,"column":28},"end":{"line":20,"column":40}},"9":{"start":{"line":21,"column":34},"end":{"line":21,"column":46}},"10":{"start":{"line":22,"column":28},"end":{"line":22,"column":40}},"11":{"start":{"line":24,"column":23},"end":{"line":39,"column":3}},"12":{"start":{"line":25,"column":4},"end":{"line":28,"column":5}},"13":{"start":{"line":26,"column":6},"end":{"line":26,"column":44}},"14":{"start":{"line":27,"column":6},"end":{"line":27,"column":13}},"15":{"start":{"line":29,"column":4},"end":{"line":38,"column":5}},"16":{"start":{"line":30,"column":21},"end":{"line":30,"column":62}},"17":{"start":{"line":31,"column":6},"end":{"line":34,"column":10}},"18":{"start":{"line":35,"column":6},"end":{"line":35,"column":18}},"19":{"start":{"line":37,"column":6},"end":{"line":37,"column":38}},"20":{"start":{"line":41,"column":2},"end":{"line":86,"column":4}},"21":{"start":{"line":48,"column":59},"end":{"line":48,"column":71}},"22":{"start":{"line":54,"column":29},"end":{"line":54,"column":53}},"23":{"start":{"line":61,"column":29},"end":{"line":61,"column":56}},"24":{"start":{"line":62,"column":30},"end":{"line":62,"column":65}},"25":{"start":{"line":89,"column":0},"end":{"line":89,"column":26}}},"fnMap":{"0":{"name":"(anonymous_0)","decl":{"start":{"line":17,"column":19},"end":{"line":17,"column":20}},"loc":{"start":{"line":17,"column":89},"end":{"line":87,"column":1}}},"1":{"name":"(anonymous_1)","decl":{"start":{"line":24,"column":23},"end":{"line":24,"column":28}},"loc":{"start":{"line":24,"column":34},"end":{"line":39,"column":3}}},"2":{"name":"(anonymous_2)","decl":{"start":{"line":48,"column":53},"end":{"line":48,"column":56}},"loc":{"start":{"line":48,"column":59},"end":{"line":48,"column":71}}},"3":{"name":"(anonymous_3)","decl":{"start":{"line":54,"column":22},"end":{"line":54,"column":23}},"loc":{"start":{"line":54,"column":29},"end":{"line":54,"column":53}}},"4":{"name":"(anonymous_4)","decl":{"start":{"line":61,"column":22},"end":{"line":61,"column":23}},"loc":{"start":{"line":61,"column":29},"end":{"line":61,"column":56}}},"5":{"name":"(anonymous_5)","decl":{"start":{"line":62,"column":23},"end":{"line":62,"column":24}},"loc":{"start":{"line":62,"column":30},"end":{"line":62,"column":65}}}},"branchMap":{"0":{"loc":{"start":{"line":25,"column":4},"end":{"line":28,"column":5}},"type":"if","locations":[{"start":{"line":25,"column":4},"end":{"line":28,"column":5}},{"start":{},"end":{}}]},"1":{"loc":{"start":{"line":25,"column":8},"end":{"line":25,"column":27}},"type":"binary-expr","locations":[{"start":{"line":25,"column":8},"end":{"line":25,"column":14}},{"start":{"line":25,"column":18},"end":{"line":25,"column":27}}]},"2":{"loc":{"start":{"line":48,"column":11},"end":{"line":48,"column":88}},"type":"binary-expr","locations":[{"start":{"line":48,"column":11},"end":{"line":48,"column":16}},{"start":{"line":48,"column":20},"end":{"line":48,"column":88}}]},"3":{"loc":{"start":{"line":62,"column":30},"end":{"line":62,"column":65}},"type":"binary-expr","locations":[{"start":{"line":62,"column":30},"end":{"line":62,"column":47}},{"start":{"line":62,"column":51},"end":{"line":62,"column":65}}]},"4":{"loc":{"start":{"line":71,"column":13},"end":{"line":71,"column":83}},"type":"cond-expr","locations":[{"start":{"line":71,"column":25},"end":{"line":71,"column":71}},{"start":{"line":71,"column":74},"end":{"line":71,"column":83}}]}},"s":{"0":1,"1":1,"2":1,"3":1,"4":1,"5":1,"6":79,"7":79,"8":79,"9":79,"10":79,"11":79,"12":4,"13":1,"14":1,"15":3,"16":3,"17":2,"18":2,"19":1,"20":79,"21":0,"22":39,"23":31,"24":31,"25":1},"f":{"0":79,"1":4,"2":0,"3":39,"4":31,"5":31},"b":{"0":[1,3],"1":[4,3],"2":[79,2],"3":[31,0],"4":[0,79]}}
,"C:\\Users\\Julian\\Documents\\Julian\\P\\Vertex Store\\frontend\\src\\components\\auth\\RegisterModal.tsx": {"path":"C:\\Users\\Julian\\Documents\\Julian\\P\\Vertex Store\\frontend\\src\\components\\auth\\RegisterModal.tsx","statementMap":{"0":{"start":{"line":1,"column":0},"end":{"line":1,"column":null}},"1":{"start":{"line":5,"column":0},"end":{"line":5,"column":33}},"2":{"start":{"line":6,"column":0},"end":{"line":6,"column":42}},"3":{"start":{"line":7,"column":0},"end":{"line":7,"column":63}},"4":{"start":{"line":8,"column":0},"end":{"line":8,"column":63}},"5":{"start":{"line":17,"column":22},"end":{"line":90,"column":1}},"6":{"start":{"line":18,"column":19},"end":{"line":18,"column":32}},"7":{"start":{"line":19,"column":36},"end":{"line":19,"column":57}},"8":{"start":{"line":20,"column":28},"end":{"line":20,"column":40}},"9":{"start":{"line":21,"column":26},"end":{"line":27,"column":4}},"10":{"start":{"line":29,"column":23},"end":{"line":31,"column":3}},"11":{"start":{"line":29,"column":42},"end":{"line":31,"column":3}},"12":{"start":{"line":30,"column":4},"end":{"line":30,"column":62}},"13":{"start":{"line":30,"column":23},"end":{"line":30,"column":59}},"14":{"start":{"line":33,"column":23},"end":{"line":52,"column":3}},"15":{"start":{"line":34,"column":4},"end":{"line":37,"column":5}},"16":{"start":{"line":34,"column":40},"end":{"line":34,"column":42}},"17":{"start":{"line":35,"column":6},"end":{"line":35,"column":44}},"18":{"start":{"line":36,"column":6},"end":{"line":36,"column":13}},"19":{"start":{"line":38,"column":4},"end":{"line":41,"column":5}},"20":{"start":{"line":39,"column":6},"end":{"line":39,"column":57}},"21":{"start":{"line":40,"column":6},"end":{"line":40,"column":13}},"22":{"start":{"line":42,"column":4},"end":{"line":51,"column":5}},"23":{"start":{"line":43,"column":21},"end":{"line":43,"column":50}},"24":{"start":{"line":44,"column":6},"end":{"line":47,"column":10}},"25":{"start":{"line":48,"column":6},"end":{"line":48,"column":18}},"26":{"start":{"line":50,"column":6},"end":{"line":50,"column":46}},"27":{"start":{"line":54,"column":2},"end":{"line":89,"column":4}},"28":{"start":{"line":61,"column":59},"end":{"line":61,"column":71}},"29":{"start":{"line":92,"column":0},"end":{"line":92,"column":29}}},"fnMap":{"0":{"name":"(anonymous_0)","decl":{"start":{"line":17,"column":22},"end":{"line":17,"column":23}},"loc":{"start":{"line":17,"column":92},"end":{"line":90,"column":1}}},"1":{"name":"(anonymous_1)","decl":{"start":{"line":29,"column":23},"end":{"line":29,"column":24}},"loc":{"start":{"line":29,"column":42},"end":{"line":31,"column":3}}},"2":{"name":"(anonymous_2)","decl":{"start":{"line":29,"column":42},"end":{"line":29,"column":43}},"loc":{"start":{"line":29,"column":85},"end":{"line":31,"column":3}}},"3":{"name":"(anonymous_3)","decl":{"start":{"line":30,"column":12},"end":{"line":30,"column":13}},"loc":{"start":{"line":30,"column":23},"end":{"line":30,"column":59}}},"4":{"name":"(anonymous_4)","decl":{"start":{"line":33,"column":23},"end":{"line":33,"column":28}},"loc":{"start":{"line":33,"column":34},"end":{"line":52,"column":3}}},"5":{"name":"(anonymous_5)","decl":{"start":{"line":34,"column":33},"end":{"line":34,"column":34}},"loc":{"start":{"line":34,"column":40},"end":{"line":34,"column":42}}},"6":{"name":"(anonymous_6)","decl":{"start":{"line":61,"column":53},"end":{"line":61,"column":56}},"loc":{"start":{"line":61,"column":59},"end":{"line":61,"column":71}}}},"branchMap":{"0":{"loc":{"start":{"line":34,"column":4},"end":{"line":37,"column":5}},"type":"if","locations":[{"start":{"line":34,"column":4},"end":{"line":37,"column":5}},{"start":{},"end":{}}]},"1":{"loc":{"start":{"line":38,"column":4},"end":{"line":41,"column":5}},"type":"if","locations":[{"start":{"line":38,"column":4},"end":{"line":41,"column":5}},{"start":{},"end":{}}]},"2":{"loc":{"start":{"line":61,"column":11},"end":{"line":61,"column":88}},"type":"binary-expr","locations":[{"start":{"line":61,"column":11},"end":{"line":61,"column":16}},{"start":{"line":61,"column":20},"end":{"line":61,"column":88}}]},"3":{"loc":{"start":{"line":74,"column":13},"end":{"line":74,"column":90}},"type":"cond-expr","locations":[{"start":{"line":74,"column":25},"end":{"line":74,"column":71}},{"start":{"line":74,"column":74},"end":{"line":74,"column":90}}]}},"s":{"0":1,"1":1,"2":1,"3":1,"4":1,"5":1,"6":221,"7":221,"8":221,"9":221,"10":221,"11":1105,"12":210,"13":210,"14":221,"15":5,"16":21,"17":1,"18":1,"19":4,"20":1,"21":1,"22":3,"23":3,"24":2,"25":2,"26":1,"27":221,"28":0,"29":1},"f":{"0":221,"1":1105,"2":210,"3":210,"4":5,"5":21,"6":0},"b":{"0":[1,4],"1":[1,3],"2":[221,3],"3":[0,221]}}
,"C:\\Users\\Julian\\Documents\\Julian\\P\\Vertex Store\\frontend\\src\\components\\layout\\AppLayout.tsx": {"path":"C:\\Users\\Julian\\Documents\\Julian\\P\\Vertex Store\\frontend\\src\\components\\layout\\AppLayout.tsx","statementMap":{"0":{"start":{"line":1,"column":0},"end":{"line":1,"column":77}},"1":{"start":{"line":2,"column":0},"end":{"line":2,"column":55}},"2":{"start":{"line":3,"column":0},"end":{"line":3,"column":52}},"3":{"start":{"line":4,"column":0},"end":{"line":4,"column":77}},"4":{"start":{"line":5,"column":0},"end":{"line":5,"column":66}},"5":{"start":{"line":6,"column":0},"end":{"line":6,"column":47}},"6":{"start":{"line":12,"column":18},"end":{"line":65,"column":1}},"7":{"start":{"line":13,"column":15},"end":{"line":13,"column":38}},"8":{"start":{"line":14,"column":19},"end":{"line":14,"column":32}},"9":{"start":{"line":15,"column":19},"end":{"line":15,"column":32}},"10":{"start":{"line":17,"column":23},"end":{"line":21,"column":3}},"11":{"start":{"line":18,"column":4},"end":{"line":18,"column":33}},"12":{"start":{"line":19,"column":4},"end":{"line":19,"column":30}},"13":{"start":{"line":20,"column":4},"end":{"line":20,"column":18}},"14":{"start":{"line":23,"column":2},"end":{"line":64,"column":4}},"15":{"start":{"line":32,"column":27},"end":{"line":32,"column":40}},"16":{"start":{"line":67,"column":0},"end":{"line":67,"column":25}}},"fnMap":{"0":{"name":"(anonymous_1)","decl":{"start":{"line":12,"column":18},"end":{"line":12,"column":19}},"loc":{"start":{"line":12,"column":51},"end":{"line":65,"column":1}}},"1":{"name":"(anonymous_2)","decl":{"start":{"line":17,"column":23},"end":{"line":17,"column":26}},"loc":{"start":{"line":17,"column":28},"end":{"line":21,"column":3}}},"2":{"name":"(anonymous_3)","decl":{"start":{"line":32,"column":21},"end":{"line":32,"column":24}},"loc":{"start":{"line":32,"column":27},"end":{"line":32,"column":40}}}},"branchMap":{"0":{"loc":{"start":{"line":36,"column":11},"end":{"line":48,"column":null}},"type":"binary-expr","locations":[{"start":{"line":36,"column":11},"end":{"line":36,"column":31}},{"start":{"line":37,"column":12},"end":{"line":47,"column":null}}]}},"s":{"0":5,"1":5,"2":5,"3":5,"4":5,"5":5,"6":5,"7":175,"8":175,"9":175,"10":175,"11":1,"12":1,"13":1,"14":175,"15":1,"16":5},"f":{"0":175,"1":1,"2":1},"b":{"0":[175,16]}}
,"C:\\Users\\Julian\\Documents\\Julian\\P\\Vertex Store\\frontend\\src\\pages\\CheckoutPage.tsx": {"path":"C:\\Users\\Julian\\Documents\\Julian\\P\\Vertex Store\\frontend\\src\\pages\\CheckoutPage.tsx","statementMap":{"0":{"start":{"line":1,"column":0},"end":{"line":1,"column":null}},"1":{"start":{"line":15,"column":0},"end":{"line":15,"column":60}},"2":{"start":{"line":16,"column":0},"end":{"line":16,"column":60}},"3":{"start":{"line":17,"column":0},"end":{"line":17,"column":33}},"4":{"start":{"line":18,"column":0},"end":{"line":18,"column":47}},"5":{"start":{"line":19,"column":0},"end":{"line":19,"column":55}},"6":{"start":{"line":20,"column":0},"end":{"line":20,"column":null}},"7":{"start":{"line":24,"column":0},"end":{"line":24,"column":55}},"8":{"start":{"line":25,"column":0},"end":{"line":25,"column":null}},"9":{"start":{"line":30,"column":0},"end":{"line":30,"column":51}},"10":{"start":{"line":31,"column":0},"end":{"line":31,"column":null}},"11":{"start":{"line":36,"column":28},"end":{"line":36,"column":49}},"12":{"start":{"line":38,"column":21},"end":{"line":470,"column":1}},"13":{"start":{"line":39,"column":19},"end":{"line":39,"column":32}},"14":{"start":{"line":40,"column":19},"end":{"line":40,"column":32}},"15":{"start":{"line":41,"column":18},"end":{"line":41,"column":52}},"16":{"start":{"line":43,"column":36},"end":{"line":43,"column":51}},"17":{"start":{"line":44,"column":28},"end":{"line":44,"column":40}},"18":{"start":{"line":46,"column":26},"end":{"line":53,"column":4}},"19":{"start":{"line":55,"column":34},"end":{"line":60,"column":4}},"20":{"start":{"line":62,"column":20},"end":{"line":62,"column":48}},"21":{"start":{"line":65,"column":4},"end":{"line":73,"column":5}},"22":{"start":{"line":65,"column":23},"end":{"line":73,"column":5}},"23":{"start":{"line":66,"column":18},"end":{"line":66,"column":32}},"24":{"start":{"line":67,"column":6},"end":{"line":71,"column":7}},"25":{"start":{"line":68,"column":8},"end":{"line":68,"column":40}},"26":{"start":{"line":69,"column":13},"end":{"line":71,"column":7}},"27":{"start":{"line":70,"column":8},"end":{"line":70,"column":41}},"28":{"start":{"line":72,"column":6},"end":{"line":72,"column":55}},"29":{"start":{"line":72,"column":25},"end":{"line":72,"column":52}},"30":{"start":{"line":76,"column":4},"end":{"line":78,"column":5}},"31":{"start":{"line":76,"column":23},"end":{"line":78,"column":5}},"32":{"start":{"line":77,"column":6},"end":{"line":77,"column":68}},"33":{"start":{"line":77,"column":29},"end":{"line":77,"column":65}},"34":{"start":{"line":80,"column":22},"end":{"line":100,"column":3}},"35":{"start":{"line":81,"column":18},"end":{"line":81,"column":45}},"36":{"start":{"line":82,"column":17},"end":{"line":82,"column":43}},"37":{"start":{"line":83,"column":16},"end":{"line":83,"column":26}},"38":{"start":{"line":84,"column":24},"end":{"line":84,"column":47}},"39":{"start":{"line":85,"column":25},"end":{"line":85,"column":43}},"40":{"start":{"line":88,"column":6},"end":{"line":88,"column":61}},"41":{"start":{"line":89,"column":24},"end":{"line":89,"column":72}},"42":{"start":{"line":91,"column":6},"end":{"line":91,"column":66}},"43":{"start":{"line":93,"column":4},"end":{"line":99,"column":6}},"44":{"start":{"line":102,"column":26},"end":{"line":108,"column":3}},"45":{"start":{"line":103,"column":4},"end":{"line":107,"column":6}},"46":{"start":{"line":110,"column":25},"end":{"line":171,"column":3}},"47":{"start":{"line":111,"column":4},"end":{"line":132,"column":5}},"48":{"start":{"line":112,"column":20},"end":{"line":112,"column":47}},"49":{"start":{"line":113,"column":19},"end":{"line":113,"column":45}},"50":{"start":{"line":114,"column":18},"end":{"line":114,"column":28}},"51":{"start":{"line":115,"column":26},"end":{"line":115,"column":49}},"52":{"start":{"line":116,"column":27},"end":{"line":116,"column":45}},"53":{"start":{"line":118,"column":6},"end":{"line":130,"column":7}},"54":{"start":{"line":119,"column":8},"end":{"line":119,"column":61}},"55":{"start":{"line":120,"column":13},"end":{"line":130,"column":7}},"56":{"start":{"line":127,"column":8},"end":{"line":127,"column":41}},"57":{"start":{"line":129,"column":8},"end":{"line":129,"column":62}},"58":{"start":{"line":131,"column":6},"end":{"line":131,"column":13}},"59":{"start":{"line":133,"column":4},"end":{"line":136,"column":5}},"60":{"start":{"line":134,"column":6},"end":{"line":134,"column":54}},"61":{"start":{"line":135,"column":6},"end":{"line":135,"column":13}},"62":{"start":{"line":137,"column":4},"end":{"line":137,"column":17}},"63":{"start":{"line":138,"column":4},"end":{"line":138,"column":23}},"64":{"start":{"line":139,"column":4},"end":{"line":170,"column":5}},"65":{"start":{"line":140,"column":24},"end":{"line":146,"column":8}},"66":{"start":{"line":147,"column":6},"end":{"line":162,"column":8}},"67":{"start":{"line":163,"column":6},"end":{"line":163,"column":27}},"68":{"start":{"line":165,"column":6},"end":{"line":167,"column":8}},"69":{"start":{"line":169,"column":6},"end":{"line":169,"column":26}},"70":{"start":{"line":173,"column":2},"end":{"line":469,"column":4}},"71":{"start":{"line":177,"column":23},"end":{"line":177,"column":36}},"72":{"start":{"line":188,"column":47},"end":{"line":188,"column":59}},"73":{"start":{"line":282,"column":22},"end":{"line":283,"column":75}},"74":{"start":{"line":283,"column":41},"end":{"line":283,"column":73}},"75":{"start":{"line":288,"column":22},"end":{"line":289,"column":null}},"76":{"start":{"line":472,"column":0},"end":{"line":472,"column":28}}},"fnMap":{"0":{"name":"(anonymous_1)","decl":{"start":{"line":38,"column":21},"end":{"line":38,"column":24}},"loc":{"start":{"line":38,"column":26},"end":{"line":470,"column":1}}},"1":{"name":"(anonymous_2)","decl":{"start":{"line":65,"column":4},"end":{"line":65,"column":5}},"loc":{"start":{"line":65,"column":23},"end":{"line":73,"column":5}}},"2":{"name":"(anonymous_3)","decl":{"start":{"line":65,"column":23},"end":{"line":65,"column":24}},"loc":{"start":{"line":65,"column":66},"end":{"line":73,"column":5}}},"3":{"name":"(anonymous_4)","decl":{"start":{"line":72,"column":14},"end":{"line":72,"column":15}},"loc":{"start":{"line":72,"column":25},"end":{"line":72,"column":52}}},"4":{"name":"(anonymous_5)","decl":{"start":{"line":76,"column":4},"end":{"line":76,"column":5}},"loc":{"start":{"line":76,"column":23},"end":{"line":78,"column":5}}},"5":{"name":"(anonymous_6)","decl":{"start":{"line":76,"column":23},"end":{"line":76,"column":24}},"loc":{"start":{"line":76,"column":66},"end":{"line":78,"column":5}}},"6":{"name":"(anonymous_7)","decl":{"start":{"line":77,"column":18},"end":{"line":77,"column":19}},"loc":{"start":{"line":77,"column":29},"end":{"line":77,"column":65}}},"7":{"name":"(anonymous_8)","decl":{"start":{"line":80,"column":22},"end":{"line":80,"column":34}},"loc":{"start":{"line":80,"column":36},"end":{"line":100,"column":3}}},"8":{"name":"(anonymous_9)","decl":{"start":{"line":102,"column":26},"end":{"line":102,"column":38}},"loc":{"start":{"line":102,"column":40},"end":{"line":108,"column":3}}},"9":{"name":"(anonymous_10)","decl":{"start":{"line":110,"column":25},"end":{"line":110,"column":30}},"loc":{"start":{"line":110,"column":36},"end":{"line":171,"column":3}}},"10":{"name":"(anonymous_11)","decl":{"start":{"line":177,"column":17},"end":{"line":177,"column":20}},"loc":{"start":{"line":177,"column":23},"end":{"line":177,"column":36}}},"11":{"name":"(anonymous_12)","decl":{"start":{"line":188,"column":41},"end":{"line":188,"column":44}},"loc":{"start":{"line":188,"column":47},"end":{"line":188,"column":59}}},"12":{"name":"(anonymous_13)","decl":{"start":{"line":281,"column":30},"end":{"line":281,"column":31}},"loc":{"start":{"line":282,"column":22},"end":{"line":283,"column":75}}},"13":{"name":"(anonymous_14)","decl":{"start":{"line":283,"column":30},"end":{"line":283,"column":31}},"loc":{"start":{"line":283,"column":41},"end":{"line":283,"column":73}}},"14":{"name":"(anonymous_15)","decl":{"start":{"line":287,"column":45},"end":{"line":287,"column":46}},"loc":{"start":{"line":288,"column":22},"end":{"line":289,"column":null}}}},"branchMap":{"0":{"loc":{"start":{"line":67,"column":6},"end":{"line":71,"column":7}},"type":"if","locations":[{"start":{"line":67,"column":6},"end":{"line":71,"column":7}},{"start":{"line":69,"column":13},"end":{"line":71,"column":7}}]},"1":{"loc":{"start":{"line":69,"column":13},"end":{"line":71,"column":7}},"type":"if","locations":[{"start":{"line":69,"column":13},"end":{"line":71,"column":7}},{"start":{},"end":{}}]},"2":{"loc":{"start":{"line":88,"column":6},"end":{"line":88,"column":61}},"type":"binary-expr","locations":[{"start":{"line":88,"column":6},"end":{"line":88,"column":32}},{"start":{"line":88,"column":36},"end":{"line":88,"column":46}},{"start":{"line":88,"column":50},"end":{"line":88,"column":61}}]},"3":{"loc":{"start":{"line":89,"column":24},"end":{"line":89,"column":72}},"type":"binary-expr","locations":[{"start":{"line":89,"column":24},"end":{"line":89,"column":49}},{"start":{"line":89,"column":53},"end":{"line":89,"column":72}}]},"4":{"loc":{"start":{"line":91,"column":6},"end":{"line":91,"column":66}},"type":"binary-expr","locations":[{"start":{"line":91,"column":6},"end":{"line":91,"column":17}},{"start":{"line":91,"column":22},"end":{"line":91,"column":40}},{"start":{"line":91,"column":44},"end":{"line":91,"column":65}}]},"5":{"loc":{"start":{"line":94,"column":6},"end":{"line":98,"column":26}},"type":"binary-expr","locations":[{"start":{"line":94,"column":6},"end":{"line":94,"column":49}},{"start":{"line":95,"column":6},"end":{"line":95,"column":33}},{"start":{"line":96,"column":6},"end":{"line":96,"column":18}},{"start":{"line":97,"column":6},"end":{"line":97,"column":18}},{"start":{"line":98,"column":6},"end":{"line":98,"column":26}}]},"6":{"loc":{"start":{"line":104,"column":6},"end":{"line":106,"column":37}},"type":"binary-expr","locations":[{"start":{"line":104,"column":6},"end":{"line":104,"column":38}},{"start":{"line":105,"column":6},"end":{"line":105,"column":31}},{"start":{"line":106,"column":6},"end":{"line":106,"column":37}}]},"7":{"loc":{"start":{"line":111,"column":4},"end":{"line":132,"column":5}},"type":"if","locations":[{"start":{"line":111,"column":4},"end":{"line":132,"column":5}},{"start":{},"end":{}}]},"8":{"loc":{"start":{"line":118,"column":6},"end":{"line":130,"column":7}},"type":"if","locations":[{"start":{"line":118,"column":6},"end":{"line":130,"column":7}},{"start":{"line":120,"column":13},"end":{"line":130,"column":7}}]},"9":{"loc":{"start":{"line":118,"column":10},"end":{"line":118,"column":65}},"type":"binary-expr","locations":[{"start":{"line":118,"column":10},"end":{"line":118,"column":36}},{"start":{"line":118,"column":41},"end":{"line":118,"column":50}},{"start":{"line":118,"column":54},"end":{"line":118,"column":64}}]},"10":{"loc":{"start":{"line":120,"column":13},"end":{"line":130,"column":7}},"type":"if","locations":[{"start":{"line":120,"column":13},"end":{"line":130,"column":7}},{"start":{"line":128,"column":13},"end":{"line":130,"column":7}}]},"11":{"loc":{"start":{"line":121,"column":8},"end":{"line":125,"column":78}},"type":"binary-expr","locations":[{"start":{"line":121,"column":8},"end":{"line":121,"column":33}},{"start":{"line":122,"column":8},"end":{"line":122,"column":34}},{"start":{"line":123,"column":8},"end":{"line":123,"column":18}},{"start":{"line":124,"column":8},"end":{"line":124,"column":19}},{"start":{"line":125,"column":9},"end":{"line":125,"column":27}},{"start":{"line":125,"column":32},"end":{"line":125,"column":52}},{"start":{"line":125,"column":56},"end":{"line":125,"column":76}}]},"12":{"loc":{"start":{"line":133,"column":4},"end":{"line":136,"column":5}},"type":"if","locations":[{"start":{"line":133,"column":4},"end":{"line":136,"column":5}},{"start":{},"end":{}}]},"13":{"loc":{"start":{"line":166,"column":8},"end":{"line":166,"column":72}},"type":"cond-expr","locations":[{"start":{"line":166,"column":31},"end":{"line":166,"column":42}},{"start":{"line":166,"column":45},"end":{"line":166,"column":72}}]},"14":{"loc":{"start":{"line":187,"column":7},"end":{"line":190,"column":null}},"type":"binary-expr","locations":[{"start":{"line":187,"column":7},"end":{"line":187,"column":12}},{"start":{"line":188,"column":8},"end":{"line":189,"column":null}}]},"15":{"loc":{"start":{"line":202,"column":17},"end":{"line":217,"column":null}},"type":"binary-expr","locations":[{"start":{"line":202,"column":17},"end":{"line":202,"column":40}},{"start":{"line":203,"column":18},"end":{"line":216,"column":null}}]},"16":{"loc":{"start":{"line":210,"column":24},"end":{"line":210,"column":68}},"type":"cond-expr","locations":[{"start":{"line":210,"column":47},"end":{"line":210,"column":56}},{"start":{"line":210,"column":59},"end":{"line":210,"column":68}}]},"17":{"loc":{"start":{"line":282,"column":22},"end":{"line":283,"column":75}},"type":"binary-expr","locations":[{"start":{"line":282,"column":22},"end":{"line":282,"column":27}},{"start":{"line":283,"column":22},"end":{"line":283,"column":75}}]},"18":{"loc":{"start":{"line":302,"column":25},"end":{"line":302,"column":55}},"type":"cond-expr","locations":[{"start":{"line":302,"column":37},"end":{"line":302,"column":43}},{"start":{"line":302,"column":46},"end":{"line":302,"column":55}}]},"19":{"loc":{"start":{"line":306,"column":19},"end":{"line":331,"column":null}},"type":"binary-expr","locations":[{"start":{"line":306,"column":19},"end":{"line":306,"column":40}},{"start":{"line":307,"column":20},"end":{"line":330,"column":null}}]},"20":{"loc":{"start":{"line":324,"column":30},"end":{"line":324,"column":56}},"type":"binary-expr","locations":[{"start":{"line":324,"column":30},"end":{"line":324,"column":51}},{"start":{"line":324,"column":55},"end":{"line":324,"column":56}}]},"21":{"loc":{"start":{"line":413,"column":29},"end":{"line":413,"column":55}},"type":"binary-expr","locations":[{"start":{"line":413,"column":29},"end":{"line":413,"column":50}},{"start":{"line":413,"column":54},"end":{"line":413,"column":55}}]},"22":{"loc":{"start":{"line":445,"column":21},"end":{"line":445,"column":47}},"type":"binary-expr","locations":[{"start":{"line":445,"column":21},"end":{"line":445,"column":42}},{"start":{"line":445,"column":46},"end":{"line":445,"column":47}}]},"23":{"loc":{"start":{"line":458,"column":17},"end":{"line":461,"column":null}},"type":"cond-expr","locations":[{"start":{"line":459,"column":18},"end":{"line":459,"column":64}},{"start":{"line":461,"column":18},"end":{"line":461,"column":28}}]}},"s":{"0":1,"1":1,"2":1,"3":1,"4":1,"5":1,"6":1,"7":1,"8":1,"9":1,"10":1,"11":1,"12":1,"13":118,"14":118,"15":118,"16":118,"17":118,"18":118,"19":118,"20":118,"21":118,"22":590,"23":86,"24":86,"25":40,"26":46,"27":26,"28":86,"29":86,"30":118,"31":472,"32":9,"33":9,"34":118,"35":7,"36":7,"37":7,"38":7,"39":7,"40":7,"41":7,"42":7,"43":7,"44":118,"45":4,"46":118,"47":7,"48":3,"49":3,"50":3,"51":3,"52":3,"53":3,"54":1,"55":2,"56":1,"57":1,"58":3,"59":4,"60":1,"61":1,"62":3,"63":3,"64":3,"65":3,"66":1,"67":1,"68":2,"69":3,"70":118,"71":1,"72":0,"73":0,"74":0,"75":708,"76":1},"f":{"0":118,"1":590,"2":86,"3":86,"4":472,"5":9,"6":9,"7":7,"8":4,"9":7,"10":1,"11":0,"12":0,"13":0,"14":708},"b":{"0":[40,46],"1":[26,20],"2":[7,6,6],"3":[7,6],"4":[7,5,0],"5":[7,6,6,5,4],"6":[4,3,3],"7":[3,4],"8":[1,2],"9":[3,2,2],"10":[1,1],"11":[2,1,1,1,1,0,0],"12":[1,3],"13":[1,1],"14":[118,6],"15":[118,104],"16":[104,0],"17":[0,0],"18":[118,590],"19":[118,0],"20":[0,0],"21":[118,0],"22":[118,0],"23":[3,115]}}
,"C:\\Users\\Julian\\Documents\\Julian\\P\\Vertex Store\\frontend\\src\\pages\\ProductPage.tsx": {"path":"C:\\Users\\Julian\\Documents\\Julian\\P\\Vertex Store\\frontend\\src\\pages\\ProductPage.tsx","statementMap":{"0":{"start":{"line":1,"column":0},"end":{"line":1,"column":null}},"1":{"start":{"line":13,"column":0},"end":{"line":13,"column":62}},"2":{"start":{"line":14,"column":0},"end":{"line":14,"column":58}},"3":{"start":{"line":15,"column":0},"end":{"line":15,"column":33}},"4":{"start":{"line":16,"column":0},"end":{"line":16,"column":47}},"5":{"start":{"line":17,"column":0},"end":{"line":17,"column":55}},"6":{"start":{"line":18,"column":0},"end":{"line":18,"column":64}},"7":{"start":{"line":19,"column":0},"end":{"line":19,"column":63}},"8":{"start":{"line":20,"column":0},"end":{"line":20,"column":67}},"9":{"start":{"line":22,"column":0},"end":{"line":22,"column":55}},"10":{"start":{"line":23,"column":0},"end":{"line":23,"column":55}},"11":{"start":{"line":24,"column":0},"end":{"line":24,"column":61}},"12":{"start":{"line":25,"column":0},"end":{"line":25,"column":51}},"13":{"start":{"line":27,"column":20},"end":{"line":235,"column":1}},"14":{"start":{"line":28,"column":19},"end":{"line":28,"column":32}},"15":{"start":{"line":29,"column":19},"end":{"line":29,"column":32}},"16":{"start":{"line":30,"column":26},"end":{"line":30,"column":60}},"17":{"start":{"line":31,"column":39},"end":{"line":33,"column":4}},"18":{"start":{"line":35,"column":36},"end":{"line":35,"column":51}},"19":{"start":{"line":36,"column":42},"end":{"line":36,"column":57}},"20":{"start":{"line":37,"column":46},"end":{"line":38,"column":null}},"21":{"start":{"line":41,"column":20},"end":{"line":57,"column":3}},"22":{"start":{"line":42,"column":4},"end":{"line":42,"column":36}},"23":{"start":{"line":42,"column":29},"end":{"line":42,"column":36}},"24":{"start":{"line":43,"column":4},"end":{"line":47,"column":5}},"25":{"start":{"line":44,"column":6},"end":{"line":44,"column":33}},"26":{"start":{"line":45,"column":6},"end":{"line":45,"column":25}},"27":{"start":{"line":46,"column":6},"end":{"line":46,"column":13}},"28":{"start":{"line":48,"column":4},"end":{"line":55,"column":6}},"29":{"start":{"line":56,"column":4},"end":{"line":56,"column":26}},"30":{"start":{"line":59,"column":28},"end":{"line":73,"column":3}},"31":{"start":{"line":60,"column":4},"end":{"line":60,"column":24}},"32":{"start":{"line":61,"column":4},"end":{"line":61,"column":27}},"33":{"start":{"line":62,"column":4},"end":{"line":72,"column":5}},"34":{"start":{"line":63,"column":6},"end":{"line":70,"column":8}},"35":{"start":{"line":71,"column":6},"end":{"line":71,"column":28}},"36":{"start":{"line":75,"column":2},"end":{"line":234,"column":4}},"37":{"start":{"line":95,"column":14},"end":{"line":95,"column":null}},"38":{"start":{"line":107,"column":14},"end":{"line":107,"column":null}},"39":{"start":{"line":203,"column":39},"end":{"line":203,"column":57}},"40":{"start":{"line":217,"column":23},"end":{"line":217,"column":42}},"41":{"start":{"line":219,"column":10},"end":{"line":219,"column":30}},"42":{"start":{"line":220,"column":10},"end":{"line":220,"column":32}},"43":{"start":{"line":226,"column":23},"end":{"line":226,"column":45}},"44":{"start":{"line":228,"column":10},"end":{"line":228,"column":33}},"45":{"start":{"line":229,"column":10},"end":{"line":229,"column":29}},"46":{"start":{"line":237,"column":0},"end":{"line":237,"column":27}}},"fnMap":{"0":{"name":"(anonymous_1)","decl":{"start":{"line":27,"column":20},"end":{"line":27,"column":23}},"loc":{"start":{"line":27,"column":25},"end":{"line":235,"column":1}}},"1":{"name":"(anonymous_2)","decl":{"start":{"line":41,"column":20},"end":{"line":41,"column":21}},"loc":{"start":{"line":41,"column":49},"end":{"line":57,"column":3}}},"2":{"name":"(anonymous_3)","decl":{"start":{"line":59,"column":28},"end":{"line":59,"column":31}},"loc":{"start":{"line":59,"column":33},"end":{"line":73,"column":3}}},"3":{"name":"(anonymous_4)","decl":{"start":{"line":94,"column":42},"end":{"line":94,"column":43}},"loc":{"start":{"line":95,"column":14},"end":{"line":95,"column":null}}},"4":{"name":"(anonymous_5)","decl":{"start":{"line":106,"column":27},"end":{"line":106,"column":28}},"loc":{"start":{"line":107,"column":14},"end":{"line":107,"column":null}}},"5":{"name":"(anonymous_6)","decl":{"start":{"line":203,"column":33},"end":{"line":203,"column":36}},"loc":{"start":{"line":203,"column":39},"end":{"line":203,"column":57}}},"6":{"name":"(anonymous_7)","decl":{"start":{"line":217,"column":17},"end":{"line":217,"column":20}},"loc":{"start":{"line":217,"column":23},"end":{"line":217,"column":42}}},"7":{"name":"(anonymous_8)","decl":{"start":{"line":218,"column":28},"end":{"line":218,"column":31}},"loc":{"start":{"line":218,"column":33},"end":{"line":221,"column":9}}},"8":{"name":"(anonymous_9)","decl":{"start":{"line":226,"column":17},"end":{"line":226,"column":20}},"loc":{"start":{"line":226,"column":23},"end":{"line":226,"column":45}}},"9":{"name":"(anonymous_10)","decl":{"start":{"line":227,"column":25},"end":{"line":227,"column":28}},"loc":{"start":{"line":227,"column":30},"end":{"line":230,"column":9}}}},"branchMap":{"0":{"loc":{"start":{"line":42,"column":4},"end":{"line":42,"column":36}},"type":"if","locations":[{"start":{"line":42,"column":4},"end":{"line":42,"column":36}},{"start":{},"end":{}}]},"1":{"loc":{"start":{"line":43,"column":4},"end":{"line":47,"column":5}},"type":"if","locations":[{"start":{"line":43,"column":4},"end":{"line":47,"column":5}},{"start":{},"end":{}}]},"2":{"loc":{"start":{"line":62,"column":4},"end":{"line":72,"column":5}},"type":"if","locations":[{"start":{"line":62,"column":4},"end":{"line":72,"column":5}},{"start":{},"end":{}}]},"3":{"loc":{"start":{"line":86,"column":7},"end":{"line":89,"column":null}},"type":"binary-expr","locations":[{"start":{"line":86,"column":7},"end":{"line":86,"column":14}},{"start":{"line":87,"column":8},"end":{"line":87,"column":null}}]},"4":{"loc":{"start":{"line":93,"column":9},"end":{"line":212,"column":14}},"type":"cond-expr","locations":[{"start":{"line":94,"column":12},"end":{"line":105,"column":14}},{"start":{"line":106,"column":12},"end":{"line":212,"column":14}}]},"5":{"loc":{"start":{"line":116,"column":24},"end":{"line":116,"column":71}},"type":"cond-expr","locations":[{"start":{"line":116,"column":44},"end":{"line":116,"column":62}},{"start":{"line":116,"column":65},"end":{"line":116,"column":71}}]},"6":{"loc":{"start":{"line":118,"column":24},"end":{"line":120,"column":37}},"type":"cond-expr","locations":[{"start":{"line":119,"column":28},"end":{"line":119,"column":57}},{"start":{"line":120,"column":28},"end":{"line":120,"column":37}}]},"7":{"loc":{"start":{"line":133,"column":30},"end":{"line":133,"column":78}},"type":"cond-expr","locations":[{"start":{"line":133,"column":52},"end":{"line":133,"column":69}},{"start":{"line":133,"column":72},"end":{"line":133,"column":78}}]},"8":{"loc":{"start":{"line":134,"column":31},"end":{"line":134,"column":60}},"type":"cond-expr","locations":[{"start":{"line":134,"column":53},"end":{"line":134,"column":56}},{"start":{"line":134,"column":59},"end":{"line":134,"column":60}}]},"9":{"loc":{"start":{"line":166,"column":26},"end":{"line":168,"column":44}},"type":"cond-expr","locations":[{"start":{"line":167,"column":30},"end":{"line":167,"column":57}},{"start":{"line":168,"column":30},"end":{"line":168,"column":44}}]},"10":{"loc":{"start":{"line":171,"column":31},"end":{"line":171,"column":70}},"type":"cond-expr","locations":[{"start":{"line":171,"column":51},"end":{"line":171,"column":60}},{"start":{"line":171,"column":63},"end":{"line":171,"column":70}}]},"11":{"loc":{"start":{"line":206,"column":25},"end":{"line":206,"column":69}},"type":"cond-expr","locations":[{"start":{"line":206,"column":47},"end":{"line":206,"column":61}},{"start":{"line":206,"column":64},"end":{"line":206,"column":69}}]}},"s":{"0":1,"1":1,"2":1,"3":1,"4":1,"5":1,"6":1,"7":1,"8":1,"9":1,"10":1,"11":1,"12":1,"13":1,"14":17,"15":17,"16":17,"17":17,"18":17,"19":17,"20":17,"21":17,"22":5,"23":0,"24":5,"25":4,"26":4,"27":4,"28":1,"29":1,"30":17,"31":1,"32":1,"33":1,"34":1,"35":1,"36":17,"37":3,"38":30,"39":5,"40":0,"41":2,"42":2,"43":0,"44":1,"45":1,"46":1},"f":{"0":17,"1":5,"2":1,"3":3,"4":30,"5":5,"6":0,"7":2,"8":0,"9":1},"b":{"0":[0,5],"1":[4,1],"2":[1,0],"3":[17,1],"4":[1,16],"5":[15,15],"6":[15,15],"7":[15,15],"8":[15,15],"9":[15,15],"10":[15,15],"11":[15,15]}}
,"C:\\Users\\Julian\\Documents\\Julian\\P\\Vertex Store\\frontend\\src\\pages\\ResultPage.tsx": {"path":"C:\\Users\\Julian\\Documents\\Julian\\P\\Vertex Store\\frontend\\src\\pages\\ResultPage.tsx","statementMap":{"0":{"start":{"line":1,"column":0},"end":{"line":1,"column":null}},"1":{"start":{"line":11,"column":0},"end":{"line":11,"column":62}},"2":{"start":{"line":12,"column":0},"end":{"line":12,"column":52}},"3":{"start":{"line":13,"column":0},"end":{"line":13,"column":44}},"4":{"start":{"line":14,"column":0},"end":{"line":14,"column":47}},"5":{"start":{"line":15,"column":0},"end":{"line":15,"column":55}},"6":{"start":{"line":16,"column":0},"end":{"line":16,"column":null}},"7":{"start":{"line":20,"column":0},"end":{"line":20,"column":71}},"8":{"start":{"line":21,"column":0},"end":{"line":21,"column":55}},"9":{"start":{"line":22,"column":0},"end":{"line":22,"column":51}},"10":{"start":{"line":24,"column":25},"end":{"line":24,"column":29}},"11":{"start":{"line":25,"column":18},"end":{"line":25,"column":20}},"12":{"start":{"line":27,"column":19},"end":{"line":285,"column":1}},"13":{"start":{"line":28,"column":19},"end":{"line":28,"column":32}},"14":{"start":{"line":29,"column":19},"end":{"line":29,"column":32}},"15":{"start":{"line":30,"column":22},"end":{"line":30,"column":52}},"16":{"start":{"line":31,"column":36},"end":{"line":31,"column":47}},"17":{"start":{"line":32,"column":38},"end":{"line":32,"column":52}},"18":{"start":{"line":34,"column":28},"end":{"line":36,"column":4}},"19":{"start":{"line":38,"column":24},"end":{"line":38,"column":78}},"20":{"start":{"line":39,"column":18},"end":{"line":45,"column":27}},"21":{"start":{"line":46,"column":21},"end":{"line":46,"column":49}},"22":{"start":{"line":48,"column":23},"end":{"line":48,"column":53}},"23":{"start":{"line":49,"column":30},"end":{"line":57,"column":6}},"24":{"start":{"line":50,"column":14},"end":{"line":50,"column":24}},"25":{"start":{"line":51,"column":4},"end":{"line":51,"column":33}},"26":{"start":{"line":52,"column":4},"end":{"line":56,"column":7}},"27":{"start":{"line":59,"column":2},"end":{"line":70,"column":48}},"28":{"start":{"line":60,"column":4},"end":{"line":60,"column":39}},"29":{"start":{"line":60,"column":32},"end":{"line":60,"column":39}},"30":{"start":{"line":61,"column":4},"end":{"line":64,"column":5}},"31":{"start":{"line":62,"column":6},"end":{"line":62,"column":27}},"32":{"start":{"line":63,"column":6},"end":{"line":63,"column":13}},"33":{"start":{"line":65,"column":18},"end":{"line":68,"column":24}},"34":{"start":{"line":66,"column":6},"end":{"line":66,"column":16}},"35":{"start":{"line":67,"column":6},"end":{"line":67,"column":39}},"36":{"start":{"line":67,"column":29},"end":{"line":67,"column":37}},"37":{"start":{"line":69,"column":4},"end":{"line":69,"column":37}},"38":{"start":{"line":69,"column":17},"end":{"line":69,"column":36}},"39":{"start":{"line":72,"column":2},"end":{"line":74,"column":16}},"40":{"start":{"line":73,"column":4},"end":{"line":73,"column":38}},"41":{"start":{"line":73,"column":17},"end":{"line":73,"column":38}},"42":{"start":{"line":76,"column":23},"end":{"line":79,"column":3}},"43":{"start":{"line":77,"column":4},"end":{"line":77,"column":30}},"44":{"start":{"line":78,"column":4},"end":{"line":78,"column":18}},"45":{"start":{"line":81,"column":2},"end":{"line":284,"column":4}},"46":{"start":{"line":287,"column":0},"end":{"line":287,"column":26}}},"fnMap":{"0":{"name":"(anonymous_1)","decl":{"start":{"line":27,"column":19},"end":{"line":27,"column":22}},"loc":{"start":{"line":27,"column":24},"end":{"line":285,"column":1}}},"1":{"name":"(anonymous_2)","decl":{"start":{"line":49,"column":31},"end":{"line":49,"column":34}},"loc":{"start":{"line":49,"column":36},"end":{"line":57,"column":3}}},"2":{"name":"(anonymous_3)","decl":{"start":{"line":59,"column":12},"end":{"line":59,"column":15}},"loc":{"start":{"line":59,"column":17},"end":{"line":70,"column":3}}},"3":{"name":"(anonymous_4)","decl":{"start":{"line":65,"column":29},"end":{"line":65,"column":32}},"loc":{"start":{"line":65,"column":34},"end":{"line":68,"column":5}}},"4":{"name":"(anonymous_5)","decl":{"start":{"line":67,"column":19},"end":{"line":67,"column":20}},"loc":{"start":{"line":67,"column":29},"end":{"line":67,"column":37}}},"5":{"name":"(anonymous_6)","decl":{"start":{"line":69,"column":11},"end":{"line":69,"column":14}},"loc":{"start":{"line":69,"column":17},"end":{"line":69,"column":36}}},"6":{"name":"(anonymous_7)","decl":{"start":{"line":72,"column":12},"end":{"line":72,"column":15}},"loc":{"start":{"line":72,"column":17},"end":{"line":74,"column":3}}},"7":{"name":"(anonymous_8)","decl":{"start":{"line":76,"column":23},"end":{"line":76,"column":26}},"loc":{"start":{"line":76,"column":28},"end":{"line":79,"column":3}}}},"branchMap":{"0":{"loc":{"start":{"line":34,"column":51},"end":{"line":34,"column":72}},"type":"binary-expr","locations":[{"start":{"line":34,"column":51},"end":{"line":34,"column":66}},{"start":{"line":34,"column":70},"end":{"line":34,"column":72}}]},"1":{"loc":{"start":{"line":38,"column":24},"end":{"line":38,"column":78}},"type":"binary-expr","locations":[{"start":{"line":38,"column":24},"end":{"line":38,"column":42}},{"start":{"line":38,"column":46},"end":{"line":38,"column":65}},{"start":{"line":38,"column":69},"end":{"line":38,"column":78}}]},"2":{"loc":{"start":{"line":48,"column":23},"end":{"line":48,"column":53}},"type":"binary-expr","locations":[{"start":{"line":48,"column":23},"end":{"line":48,"column":48}},{"start":{"line":48,"column":52},"end":{"line":48,"column":53}}]},"3":{"loc":{"start":{"line":60,"column":4},"end":{"line":60,"column":39}},"type":"if","locations":[{"start":{"line":60,"column":4},"end":{"line":60,"column":39}},{"start":{},"end":{}}]},"4":{"loc":{"start":{"line":60,"column":8},"end":{"line":60,"column":30}},"type":"binary-expr","locations":[{"start":{"line":60,"column":8},"end":{"line":60,"column":15}},{"start":{"line":60,"column":19},"end":{"line":60,"column":30}}]},"5":{"loc":{"start":{"line":61,"column":4},"end":{"line":64,"column":5}},"type":"if","locations":[{"start":{"line":61,"column":4},"end":{"line":64,"column":5}},{"start":{},"end":{}}]},"6":{"loc":{"start":{"line":73,"column":4},"end":{"line":73,"column":38}},"type":"if","locations":[{"start":{"line":73,"column":4},"end":{"line":73,"column":38}},{"start":{},"end":{}}]},"7":{"loc":{"start":{"line":84,"column":9},"end":{"line":280,"column":null}},"type":"cond-expr","locations":[{"start":{"line":85,"column":10},"end":{"line":96,"column":null}},{"start":{"line":99,"column":10},"end":{"line":279,"column":null}}]},"8":{"loc":{"start":{"line":101,"column":15},"end":{"line":106,"column":null}},"type":"cond-expr","locations":[{"start":{"line":102,"column":16},"end":{"line":103,"column":null}},{"start":{"line":106,"column":16},"end":{"line":106,"column":80}}]},"9":{"loc":{"start":{"line":109,"column":17},"end":{"line":109,"column":70}},"type":"cond-expr","locations":[{"start":{"line":109,"column":30},"end":{"line":109,"column":51}},{"start":{"line":109,"column":54},"end":{"line":109,"column":70}}]},"10":{"loc":{"start":{"line":112,"column":17},"end":{"line":114,"column":80}},"type":"cond-expr","locations":[{"start":{"line":113,"column":20},"end":{"line":113,"column":74}},{"start":{"line":114,"column":20},"end":{"line":114,"column":80}}]},"11":{"loc":{"start":{"line":134,"column":21},"end":{"line":134,"column":68}},"type":"binary-expr","locations":[{"start":{"line":134,"column":21},"end":{"line":134,"column":42}},{"start":{"line":134,"column":46},"end":{"line":134,"column":68}}]},"12":{"loc":{"start":{"line":150,"column":27},"end":{"line":150,"column":59}},"type":"cond-expr","locations":[{"start":{"line":150,"column":40},"end":{"line":150,"column":49}},{"start":{"line":150,"column":52},"end":{"line":150,"column":59}}]},"13":{"loc":{"start":{"line":165,"column":31},"end":{"line":165,"column":69}},"type":"binary-expr","locations":[{"start":{"line":165,"column":31},"end":{"line":165,"column":64}},{"start":{"line":165,"column":68},"end":{"line":165,"column":69}}]},"14":{"loc":{"start":{"line":179,"column":31},"end":{"line":179,"column":63}},"type":"binary-expr","locations":[{"start":{"line":179,"column":31},"end":{"line":179,"column":58}},{"start":{"line":179,"column":62},"end":{"line":179,"column":63}}]},"15":{"loc":{"start":{"line":193,"column":31},"end":{"line":193,"column":67}},"type":"binary-expr","locations":[{"start":{"line":193,"column":31},"end":{"line":193,"column":62}},{"start":{"line":193,"column":66},"end":{"line":193,"column":67}}]},"16":{"loc":{"start":{"line":201,"column":24},"end":{"line":201,"column":48}},"type":"cond-expr","locations":[{"start":{"line":201,"column":43},"end":{"line":201,"column":44}},{"start":{"line":201,"column":47},"end":{"line":201,"column":48}}]},"17":{"loc":{"start":{"line":208,"column":31},"end":{"line":208,"column":67}},"type":"binary-expr","locations":[{"start":{"line":208,"column":31},"end":{"line":208,"column":62}},{"start":{"line":208,"column":66},"end":{"line":208,"column":67}}]},"18":{"loc":{"start":{"line":211,"column":17},"end":{"line":266,"column":null}},"type":"binary-expr","locations":[{"start":{"line":211,"column":17},"end":{"line":211,"column":27}},{"start":{"line":211,"column":31},"end":{"line":211,"column":47}},{"start":{"line":212,"column":18},"end":{"line":265,"column":null}}]},"19":{"loc":{"start":{"line":250,"column":29},"end":{"line":250,"column":65}},"type":"binary-expr","locations":[{"start":{"line":250,"column":29},"end":{"line":250,"column":60}},{"start":{"line":250,"column":64},"end":{"line":250,"column":65}}]},"20":{"loc":{"start":{"line":278,"column":15},"end":{"line":278,"column":57}},"type":"cond-expr","locations":[{"start":{"line":278,"column":28},"end":{"line":278,"column":43}},{"start":{"line":278,"column":46},"end":{"line":278,"column":57}}]}},"s":{"0":1,"1":1,"2":1,"3":1,"4":1,"5":1,"6":1,"7":1,"8":1,"9":1,"10":1,"11":1,"12":1,"13":20,"14":20,"15":20,"16":20,"17":20,"18":20,"19":20,"20":20,"21":20,"22":20,"23":20,"24":20,"25":20,"26":20,"27":20,"28":19,"29":16,"30":3,"31":0,"32":0,"33":3,"34":1,"35":1,"36":1,"37":3,"38":3,"39":20,"40":10,"41":8,"42":20,"43":1,"44":1,"45":20,"46":1},"f":{"0":20,"1":20,"2":19,"3":1,"4":1,"5":3,"6":10,"7":1},"b":{"0":[20,1],"1":[20,0,0],"2":[20,1],"3":[16,3],"4":[19,3],"5":[0,3],"6":[8,2],"7":[3,17],"8":[9,8],"9":[9,8],"10":[9,8],"11":[17,0],"12":[9,8],"13":[17,1],"14":[17,1],"15":[17,1],"16":[2,15],"17":[17,1],"18":[17,9,2],"19":[2,0],"20":[9,8]}}
,"C:\\Users\\Julian\\Documents\\Julian\\P\\Vertex Store\\frontend\\src\\pages\\SummaryPage.tsx": {"path":"C:\\Users\\Julian\\Documents\\Julian\\P\\Vertex Store\\frontend\\src\\pages\\SummaryPage.tsx","statementMap":{"0":{"start":{"line":1,"column":0},"end":{"line":1,"column":null}},"1":{"start":{"line":12,"column":0},"end":{"line":12,"column":60}},"2":{"start":{"line":13,"column":0},"end":{"line":13,"column":60}},"3":{"start":{"line":14,"column":0},"end":{"line":14,"column":33}},"4":{"start":{"line":15,"column":0},"end":{"line":15,"column":47}},"5":{"start":{"line":16,"column":0},"end":{"line":16,"column":55}},"6":{"start":{"line":17,"column":0},"end":{"line":17,"column":80}},"7":{"start":{"line":18,"column":0},"end":{"line":18,"column":60}},"8":{"start":{"line":19,"column":0},"end":{"line":19,"column":77}},"9":{"start":{"line":20,"column":0},"end":{"line":20,"column":55}},"10":{"start":{"line":21,"column":0},"end":{"line":21,"column":51}},"11":{"start":{"line":22,"column":0},"end":{"line":22,"column":null}},"12":{"start":{"line":27,"column":20},"end":{"line":309,"column":1}},"13":{"start":{"line":28,"column":19},"end":{"line":28,"column":32}},"14":{"start":{"line":29,"column":19},"end":{"line":29,"column":32}},"15":{"start":{"line":30,"column":19},"end":{"line":30,"column":46}},"16":{"start":{"line":31,"column":19},"end":{"line":31,"column":46}},"17":{"start":{"line":32,"column":45},"end":{"line":32,"column":75}},"18":{"start":{"line":33,"column":28},"end":{"line":33,"column":40}},"19":{"start":{"line":35,"column":20},"end":{"line":72,"column":3}},"20":{"start":{"line":36,"column":4},"end":{"line":37,"column":13}},"21":{"start":{"line":37,"column":6},"end":{"line":37,"column":13}},"22":{"start":{"line":38,"column":4},"end":{"line":38,"column":17}},"23":{"start":{"line":39,"column":4},"end":{"line":71,"column":5}},"24":{"start":{"line":40,"column":25},"end":{"line":43,"column":33}},"25":{"start":{"line":41,"column":21},"end":{"line":41,"column":29}},"26":{"start":{"line":42,"column":21},"end":{"line":42,"column":25}},"27":{"start":{"line":43,"column":21},"end":{"line":43,"column":32}},"28":{"start":{"line":45,"column":21},"end":{"line":53,"column":17}},"29":{"start":{"line":55,"column":6},"end":{"line":67,"column":8}},"30":{"start":{"line":68,"column":6},"end":{"line":68,"column":26}},"31":{"start":{"line":70,"column":6},"end":{"line":70,"column":62}},"32":{"start":{"line":74,"column":2},"end":{"line":308,"column":4}},"33":{"start":{"line":78,"column":23},"end":{"line":78,"column":44}},"34":{"start":{"line":89,"column":47},"end":{"line":89,"column":59}},"35":{"start":{"line":233,"column":18},"end":{"line":235,"column":39}},"36":{"start":{"line":236,"column":37},"end":{"line":236,"column":64}},"37":{"start":{"line":237,"column":39},"end":{"line":237,"column":75}},"38":{"start":{"line":238,"column":33},"end":{"line":238,"column":43}},"39":{"start":{"line":239,"column":16},"end":{"line":239,"column":59}},"40":{"start":{"line":240,"column":36},"end":{"line":244,"column":18}},"41":{"start":{"line":245,"column":16},"end":{"line":282,"column":18}},"42":{"start":{"line":311,"column":0},"end":{"line":311,"column":27}}},"fnMap":{"0":{"name":"(anonymous_1)","decl":{"start":{"line":27,"column":20},"end":{"line":27,"column":23}},"loc":{"start":{"line":27,"column":25},"end":{"line":309,"column":1}}},"1":{"name":"(anonymous_2)","decl":{"start":{"line":35,"column":20},"end":{"line":35,"column":25}},"loc":{"start":{"line":35,"column":31},"end":{"line":72,"column":3}}},"2":{"name":"(anonymous_3)","decl":{"start":{"line":41,"column":14},"end":{"line":41,"column":15}},"loc":{"start":{"line":41,"column":21},"end":{"line":41,"column":29}}},"3":{"name":"(anonymous_4)","decl":{"start":{"line":42,"column":14},"end":{"line":42,"column":15}},"loc":{"start":{"line":42,"column":21},"end":{"line":42,"column":25}}},"4":{"name":"(anonymous_5)","decl":{"start":{"line":43,"column":15},"end":{"line":43,"column":18}},"loc":{"start":{"line":43,"column":21},"end":{"line":43,"column":32}}},"5":{"name":"(anonymous_6)","decl":{"start":{"line":78,"column":17},"end":{"line":78,"column":20}},"loc":{"start":{"line":78,"column":23},"end":{"line":78,"column":44}}},"6":{"name":"(anonymous_7)","decl":{"start":{"line":89,"column":41},"end":{"line":89,"column":44}},"loc":{"start":{"line":89,"column":47},"end":{"line":89,"column":59}}},"7":{"name":"(anonymous_8)","decl":{"start":{"line":231,"column":15},"end":{"line":231,"column":18}},"loc":{"start":{"line":231,"column":20},"end":{"line":283,"column":15}}}},"branchMap":{"0":{"loc":{"start":{"line":36,"column":4},"end":{"line":37,"column":13}},"type":"if","locations":[{"start":{"line":36,"column":4},"end":{"line":37,"column":13}},{"start":{},"end":{}}]},"1":{"loc":{"start":{"line":36,"column":8},"end":{"line":36,"column":73}},"type":"binary-expr","locations":[{"start":{"line":36,"column":8},"end":{"line":36,"column":33}},{"start":{"line":36,"column":37},"end":{"line":36,"column":51}},{"start":{"line":36,"column":55},"end":{"line":36,"column":73}}]},"2":{"loc":{"start":{"line":65,"column":24},"end":{"line":65,"column":56}},"type":"binary-expr","locations":[{"start":{"line":65,"column":24},"end":{"line":65,"column":51}},{"start":{"line":65,"column":55},"end":{"line":65,"column":56}}]},"3":{"loc":{"start":{"line":88,"column":7},"end":{"line":91,"column":null}},"type":"binary-expr","locations":[{"start":{"line":88,"column":7},"end":{"line":88,"column":12}},{"start":{"line":89,"column":8},"end":{"line":90,"column":null}}]},"4":{"loc":{"start":{"line":123,"column":19},"end":{"line":125,"column":67}},"type":"cond-expr","locations":[{"start":{"line":124,"column":22},"end":{"line":124,"column":36}},{"start":{"line":125,"column":22},"end":{"line":125,"column":67}}]},"5":{"loc":{"start":{"line":144,"column":20},"end":{"line":144,"column":75}},"type":"cond-expr","locations":[{"start":{"line":144,"column":54},"end":{"line":144,"column":63}},{"start":{"line":144,"column":66},"end":{"line":144,"column":75}}]},"6":{"loc":{"start":{"line":184,"column":27},"end":{"line":184,"column":70}},"type":"binary-expr","locations":[{"start":{"line":184,"column":27},"end":{"line":184,"column":65}},{"start":{"line":184,"column":69},"end":{"line":184,"column":70}}]},"7":{"loc":{"start":{"line":213,"column":18},"end":{"line":215,"column":23}},"type":"cond-expr","locations":[{"start":{"line":214,"column":22},"end":{"line":214,"column":23}},{"start":{"line":215,"column":22},"end":{"line":215,"column":23}}]},"8":{"loc":{"start":{"line":213,"column":18},"end":{"line":213,"column":79}},"type":"binary-expr","locations":[{"start":{"line":213,"column":18},"end":{"line":213,"column":45}},{"start":{"line":213,"column":49},"end":{"line":213,"column":79}}]},"9":{"loc":{"start":{"line":223,"column":19},"end":{"line":223,"column":62}},"type":"binary-expr","locations":[{"start":{"line":223,"column":19},"end":{"line":223,"column":57}},{"start":{"line":223,"column":61},"end":{"line":223,"column":62}}]},"10":{"loc":{"start":{"line":229,"column":13},"end":{"line":283,"column":18}},"type":"binary-expr","locations":[{"start":{"line":229,"column":13},"end":{"line":229,"column":40}},{"start":{"line":230,"column":14},"end":{"line":230,"column":44}},{"start":{"line":231,"column":14},"end":{"line":283,"column":18}}]},"11":{"loc":{"start":{"line":233,"column":19},"end":{"line":233,"column":62}},"type":"binary-expr","locations":[{"start":{"line":233,"column":19},"end":{"line":233,"column":57}},{"start":{"line":233,"column":61},"end":{"line":233,"column":62}}]},"12":{"loc":{"start":{"line":295,"column":11},"end":{"line":303,"column":null}},"type":"cond-expr","locations":[{"start":{"line":296,"column":12},"end":{"line":298,"column":null}},{"start":{"line":300,"column":14},"end":{"line":303,"column":null}}]},"13":{"loc":{"start":{"line":300,"column":14},"end":{"line":303,"column":null}},"type":"cond-expr","locations":[{"start":{"line":301,"column":12},"end":{"line":301,"column":209}},{"start":{"line":303,"column":12},"end":{"line":303,"column":121}}]},"14":{"loc":{"start":{"line":300,"column":14},"end":{"line":300,"column":75}},"type":"binary-expr","locations":[{"start":{"line":300,"column":14},"end":{"line":300,"column":41}},{"start":{"line":300,"column":45},"end":{"line":300,"column":75}}]},"15":{"loc":{"start":{"line":301,"column":41},"end":{"line":301,"column":84}},"type":"binary-expr","locations":[{"start":{"line":301,"column":41},"end":{"line":301,"column":79}},{"start":{"line":301,"column":83},"end":{"line":301,"column":84}}]},"16":{"loc":{"start":{"line":303,"column":30},"end":{"line":303,"column":73}},"type":"binary-expr","locations":[{"start":{"line":303,"column":30},"end":{"line":303,"column":68}},{"start":{"line":303,"column":72},"end":{"line":303,"column":73}}]}},"s":{"0":1,"1":1,"2":1,"3":1,"4":1,"5":1,"6":1,"7":1,"8":1,"9":1,"10":1,"11":1,"12":1,"13":14,"14":14,"15":14,"16":14,"17":14,"18":14,"19":14,"20":4,"21":1,"22":3,"23":3,"24":3,"25":2,"26":2,"27":1,"28":3,"29":2,"30":2,"31":1,"32":14,"33":1,"34":0,"35":1,"36":1,"37":1,"38":1,"39":1,"40":1,"41":1,"42":1},"f":{"0":14,"1":4,"2":2,"3":2,"4":1,"5":1,"6":0,"7":1},"b":{"0":[1,3],"1":[4,3,3],"2":[2,0],"3":[14,2],"4":[13,1],"5":[14,0],"6":[14,1],"7":[1,13],"8":[14,14],"9":[14,1],"10":[14,14,1],"11":[1,0],"12":[0,14],"13":[1,13],"14":[14,14],"15":[1,0],"16":[13,1]}}
,"C:\\Users\\Julian\\Documents\\Julian\\P\\Vertex Store\\frontend\\src\\shared\\constants\\fees.constants.ts": {"path":"C:\\Users\\Julian\\Documents\\Julian\\P\\Vertex Store\\frontend\\src\\shared\\constants\\fees.constants.ts","statementMap":{"0":{"start":{"line":1,"column":13},"end":{"line":1,"column":41}},"1":{"start":{"line":2,"column":13},"end":{"line":2,"column":45}}},"fnMap":{},"branchMap":{},"s":{"0":3,"1":3},"f":{},"b":{}}
,"C:\\Users\\Julian\\Documents\\Julian\\P\\Vertex Store\\frontend\\src\\store\\store.ts": {"path":"C:\\Users\\Julian\\Documents\\Julian\\P\\Vertex Store\\frontend\\src\\store\\store.ts","statementMap":{"0":{"start":{"line":1,"column":0},"end":{"line":1,"column":50}},"1":{"start":{"line":2,"column":0},"end":{"line":2,"column":48}},"2":{"start":{"line":3,"column":0},"end":{"line":3,"column":56}},"3":{"start":{"line":4,"column":0},"end":{"line":4,"column":41}},"4":{"start":{"line":6,"column":13},"end":{"line":14,"column":3}},"5":{"start":{"line":13,"column":4},"end":{"line":13,"column":53}}},"fnMap":{"0":{"name":"(anonymous_0)","decl":{"start":{"line":12,"column":14},"end":{"line":12,"column":15}},"loc":{"start":{"line":13,"column":4},"end":{"line":13,"column":53}}}},"branchMap":{},"s":{"0":1,"1":1,"2":1,"3":1,"4":1,"5":1},"f":{"0":1},"b":{}}
,"C:\\Users\\Julian\\Documents\\Julian\\P\\Vertex Store\\frontend\\src\\store\\api\\auth.api.ts": {"path":"C:\\Users\\Julian\\Documents\\Julian\\P\\Vertex Store\\frontend\\src\\store\\api\\auth.api.ts","statementMap":{"0":{"start":{"line":1,"column":0},"end":{"line":1,"column":37}},"1":{"start":{"line":34,"column":13},"end":{"line":51,"column":3}},"2":{"start":{"line":35,"column":27},"end":{"line":50,"column":4}},"3":{"start":{"line":37,"column":24},"end":{"line":41,"column":8}},"4":{"start":{"line":44,"column":24},"end":{"line":48,"column":8}},"5":{"start":{"line":53,"column":15},"end":{"line":53,"column":65}}},"fnMap":{"0":{"name":"(anonymous_0)","decl":{"start":{"line":35,"column":13},"end":{"line":35,"column":14}},"loc":{"start":{"line":35,"column":27},"end":{"line":50,"column":4}}},"1":{"name":"(anonymous_1)","decl":{"start":{"line":37,"column":13},"end":{"line":37,"column":14}},"loc":{"start":{"line":37,"column":24},"end":{"line":41,"column":8}}},"2":{"name":"(anonymous_2)","decl":{"start":{"line":44,"column":13},"end":{"line":44,"column":14}},"loc":{"start":{"line":44,"column":24},"end":{"line":48,"column":8}}}},"branchMap":{},"s":{"0":0,"1":0,"2":0,"3":0,"4":0,"5":0},"f":{"0":0,"1":0,"2":0},"b":{}}
,"C:\\Users\\Julian\\Documents\\Julian\\P\\Vertex Store\\frontend\\src\\store\\api\\base.api.ts": {"path":"C:\\Users\\Julian\\Documents\\Julian\\P\\Vertex Store\\frontend\\src\\store\\api\\base.api.ts","statementMap":{"0":{"start":{"line":1,"column":0},"end":{"line":1,"column":73}},"1":{"start":{"line":4,"column":13},"end":{"line":19,"column":3}},"2":{"start":{"line":9,"column":21},"end":{"line":9,"column":62}},"3":{"start":{"line":10,"column":6},"end":{"line":12,"column":7}},"4":{"start":{"line":11,"column":8},"end":{"line":11,"column":56}},"5":{"start":{"line":13,"column":6},"end":{"line":13,"column":21}},"6":{"start":{"line":18,"column":20},"end":{"line":18,"column":22}}},"fnMap":{"0":{"name":"(anonymous_0)","decl":{"start":{"line":8,"column":20},"end":{"line":8,"column":21}},"loc":{"start":{"line":8,"column":46},"end":{"line":14,"column":5}}},"1":{"name":"(anonymous_1)","decl":{"start":{"line":18,"column":13},"end":{"line":18,"column":16}},"loc":{"start":{"line":18,"column":20},"end":{"line":18,"column":22}}}},"branchMap":{"0":{"loc":{"start":{"line":7,"column":13},"end":{"line":7,"column":71}},"type":"binary-expr","locations":[{"start":{"line":7,"column":13},"end":{"line":7,"column":37}},{"start":{"line":7,"column":41},"end":{"line":7,"column":71}}]},"1":{"loc":{"start":{"line":10,"column":6},"end":{"line":12,"column":7}},"type":"if","locations":[{"start":{"line":10,"column":6},"end":{"line":12,"column":7}},{"start":{},"end":{}}]}},"s":{"0":10,"1":10,"2":0,"3":0,"4":0,"5":0,"6":10},"f":{"0":0,"1":10},"b":{"0":[10,0],"1":[0,0]}}
,"C:\\Users\\Julian\\Documents\\Julian\\P\\Vertex Store\\frontend\\src\\store\\api\\products.api.ts": {"path":"C:\\Users\\Julian\\Documents\\Julian\\P\\Vertex Store\\frontend\\src\\store\\api\\products.api.ts","statementMap":{"0":{"start":{"line":1,"column":0},"end":{"line":1,"column":37}},"1":{"start":{"line":19,"column":13},"end":{"line":28,"column":3}},"2":{"start":{"line":20,"column":27},"end":{"line":27,"column":4}},"3":{"start":{"line":22,"column":19},"end":{"line":22,"column":30}},"4":{"start":{"line":25,"column":21},"end":{"line":25,"column":38}},"5":{"start":{"line":30,"column":15},"end":{"line":30,"column":75}}},"fnMap":{"0":{"name":"(anonymous_0)","decl":{"start":{"line":20,"column":13},"end":{"line":20,"column":14}},"loc":{"start":{"line":20,"column":27},"end":{"line":27,"column":4}}},"1":{"name":"(anonymous_1)","decl":{"start":{"line":22,"column":13},"end":{"line":22,"column":16}},"loc":{"start":{"line":22,"column":19},"end":{"line":22,"column":30}}},"2":{"name":"(anonymous_2)","decl":{"start":{"line":25,"column":13},"end":{"line":25,"column":14}},"loc":{"start":{"line":25,"column":21},"end":{"line":25,"column":38}}}},"branchMap":{},"s":{"0":0,"1":0,"2":0,"3":0,"4":0,"5":0},"f":{"0":0,"1":0,"2":0},"b":{}}
,"C:\\Users\\Julian\\Documents\\Julian\\P\\Vertex Store\\frontend\\src\\store\\api\\transactions.api.ts": {"path":"C:\\Users\\Julian\\Documents\\Julian\\P\\Vertex Store\\frontend\\src\\store\\api\\transactions.api.ts","statementMap":{"0":{"start":{"line":1,"column":0},"end":{"line":1,"column":37}},"1":{"start":{"line":44,"column":13},"end":{"line":60,"column":3}},"2":{"start":{"line":45,"column":27},"end":{"line":59,"column":4}},"3":{"start":{"line":50,"column":24},"end":{"line":54,"column":8}},"4":{"start":{"line":57,"column":21},"end":{"line":57,"column":42}},"5":{"start":{"line":62,"column":15},"end":{"line":62,"column":88}}},"fnMap":{"0":{"name":"(anonymous_0)","decl":{"start":{"line":45,"column":13},"end":{"line":45,"column":14}},"loc":{"start":{"line":45,"column":27},"end":{"line":59,"column":4}}},"1":{"name":"(anonymous_1)","decl":{"start":{"line":50,"column":13},"end":{"line":50,"column":14}},"loc":{"start":{"line":50,"column":24},"end":{"line":54,"column":8}}},"2":{"name":"(anonymous_2)","decl":{"start":{"line":57,"column":13},"end":{"line":57,"column":14}},"loc":{"start":{"line":57,"column":21},"end":{"line":57,"column":42}}}},"branchMap":{},"s":{"0":0,"1":0,"2":0,"3":0,"4":0,"5":0},"f":{"0":0,"1":0,"2":0},"b":{}}
,"C:\\Users\\Julian\\Documents\\Julian\\P\\Vertex Store\\frontend\\src\\store\\slices\\auth.slice.ts": {"path":"C:\\Users\\Julian\\Documents\\Julian\\P\\Vertex Store\\frontend\\src\\store\\slices\\auth.slice.ts","statementMap":{"0":{"start":{"line":1,"column":0},"end":{"line":1,"column":47}},"1":{"start":{"line":19,"column":24},"end":{"line":35,"column":1}},"2":{"start":{"line":20,"column":2},"end":{"line":33,"column":3}},"3":{"start":{"line":21,"column":18},"end":{"line":21,"column":53}},"4":{"start":{"line":22,"column":21},"end":{"line":22,"column":53}},"5":{"start":{"line":23,"column":4},"end":{"line":29,"column":5}},"6":{"start":{"line":24,"column":6},"end":{"line":28,"column":8}},"7":{"start":{"line":31,"column":4},"end":{"line":31,"column":43}},"8":{"start":{"line":32,"column":4},"end":{"line":32,"column":40}},"9":{"start":{"line":34,"column":2},"end":{"line":34,"column":71}},"10":{"start":{"line":37,"column":32},"end":{"line":37,"column":49}},"11":{"start":{"line":39,"column":13},"end":{"line":61,"column":3}},"12":{"start":{"line":47,"column":6},"end":{"line":47,"column":53}},"13":{"start":{"line":48,"column":6},"end":{"line":48,"column":47}},"14":{"start":{"line":49,"column":6},"end":{"line":49,"column":35}},"15":{"start":{"line":50,"column":6},"end":{"line":50,"column":70}},"16":{"start":{"line":51,"column":6},"end":{"line":51,"column":80}},"17":{"start":{"line":54,"column":6},"end":{"line":54,"column":31}},"18":{"start":{"line":55,"column":6},"end":{"line":55,"column":28}},"19":{"start":{"line":56,"column":6},"end":{"line":56,"column":36}},"20":{"start":{"line":57,"column":6},"end":{"line":57,"column":45}},"21":{"start":{"line":58,"column":6},"end":{"line":58,"column":42}},"22":{"start":{"line":63,"column":13},"end":{"line":63,"column":52}},"23":{"start":{"line":64,"column":26},"end":{"line":64,"column":58}},"24":{"start":{"line":64,"column":48},"end":{"line":64,"column":58}},"25":{"start":{"line":64,"column":13},"end":{"line":64,"column":26}},"26":{"start":{"line":65,"column":37},"end":{"line":66,"column":28}},"27":{"start":{"line":66,"column":2},"end":{"line":66,"column":28}},"28":{"start":{"line":65,"column":13},"end":{"line":65,"column":37}},"29":{"start":{"line":67,"column":30},"end":{"line":67,"column":71}},"30":{"start":{"line":67,"column":52},"end":{"line":67,"column":71}},"31":{"start":{"line":67,"column":13},"end":{"line":67,"column":30}}},"fnMap":{"0":{"name":"(anonymous_0)","decl":{"start":{"line":19,"column":24},"end":{"line":19,"column":38}},"loc":{"start":{"line":19,"column":40},"end":{"line":35,"column":1}}},"1":{"name":"(anonymous_1)","decl":{"start":{"line":43,"column":20},"end":{"line":43,"column":null}},"loc":{"start":{"line":46,"column":8},"end":{"line":52,"column":5}}},"2":{"name":"(anonymous_2)","decl":{"start":{"line":53,"column":22},"end":{"line":53,"column":23}},"loc":{"start":{"line":53,"column":32},"end":{"line":59,"column":5}}},"3":{"name":"(anonymous_3)","decl":{"start":{"line":64,"column":26},"end":{"line":64,"column":27}},"loc":{"start":{"line":64,"column":48},"end":{"line":64,"column":58}}},"4":{"name":"(anonymous_4)","decl":{"start":{"line":65,"column":37},"end":{"line":65,"column":38}},"loc":{"start":{"line":66,"column":2},"end":{"line":66,"column":28}}},"5":{"name":"(anonymous_5)","decl":{"start":{"line":67,"column":30},"end":{"line":67,"column":31}},"loc":{"start":{"line":67,"column":52},"end":{"line":67,"column":71}}}},"branchMap":{"0":{"loc":{"start":{"line":23,"column":4},"end":{"line":29,"column":5}},"type":"if","locations":[{"start":{"line":23,"column":4},"end":{"line":29,"column":5}},{"start":{},"end":{}}]},"1":{"loc":{"start":{"line":23,"column":8},"end":{"line":23,"column":25}},"type":"binary-expr","locations":[{"start":{"line":23,"column":8},"end":{"line":23,"column":13}},{"start":{"line":23,"column":17},"end":{"line":23,"column":25}}]}},"s":{"0":10,"1":10,"2":10,"3":10,"4":10,"5":10,"6":0,"7":0,"8":0,"9":10,"10":10,"11":10,"12":6,"13":6,"14":6,"15":6,"16":6,"17":3,"18":3,"19":3,"20":3,"21":3,"22":10,"23":10,"24":111,"25":10,"26":10,"27":24,"28":10,"29":10,"30":26,"31":10},"f":{"0":10,"1":6,"2":3,"3":111,"4":24,"5":26},"b":{"0":[0,10],"1":[10,0]}}
,"C:\\Users\\Julian\\Documents\\Julian\\P\\Vertex Store\\frontend\\src\\store\\slices\\checkout.slice.ts": {"path":"C:\\Users\\Julian\\Documents\\Julian\\P\\Vertex Store\\frontend\\src\\store\\slices\\checkout.slice.ts","statementMap":{"0":{"start":{"line":1,"column":0},"end":{"line":1,"column":47}},"1":{"start":{"line":46,"column":32},"end":{"line":62,"column":1}},"2":{"start":{"line":47,"column":2},"end":{"line":54,"column":3}},"3":{"start":{"line":48,"column":18},"end":{"line":48,"column":50}},"4":{"start":{"line":49,"column":4},"end":{"line":51,"column":5}},"5":{"start":{"line":50,"column":6},"end":{"line":50,"column":48}},"6":{"start":{"line":53,"column":4},"end":{"line":53,"column":40}},"7":{"start":{"line":55,"column":2},"end":{"line":61,"column":4}},"8":{"start":{"line":64,"column":30},"end":{"line":66,"column":1}},"9":{"start":{"line":65,"column":2},"end":{"line":65,"column":58}},"10":{"start":{"line":68,"column":36},"end":{"line":68,"column":61}},"11":{"start":{"line":70,"column":13},"end":{"line":102,"column":3}},"12":{"start":{"line":75,"column":6},"end":{"line":75,"column":45}},"13":{"start":{"line":76,"column":6},"end":{"line":76,"column":28}},"14":{"start":{"line":77,"column":6},"end":{"line":77,"column":42}},"15":{"start":{"line":83,"column":6},"end":{"line":83,"column":39}},"16":{"start":{"line":84,"column":6},"end":{"line":84,"column":47}},"17":{"start":{"line":85,"column":6},"end":{"line":85,"column":28}},"18":{"start":{"line":86,"column":6},"end":{"line":86,"column":42}},"19":{"start":{"line":89,"column":6},"end":{"line":89,"column":41}},"20":{"start":{"line":90,"column":6},"end":{"line":90,"column":28}},"21":{"start":{"line":91,"column":6},"end":{"line":91,"column":42}},"22":{"start":{"line":94,"column":6},"end":{"line":94,"column":35}},"23":{"start":{"line":95,"column":6},"end":{"line":95,"column":24}},"24":{"start":{"line":96,"column":6},"end":{"line":96,"column":28}},"25":{"start":{"line":97,"column":6},"end":{"line":97,"column":31}},"26":{"start":{"line":98,"column":6},"end":{"line":98,"column":28}},"27":{"start":{"line":99,"column":6},"end":{"line":99,"column":42}},"28":{"start":{"line":104,"column":13},"end":{"line":108,"column":null}},"29":{"start":{"line":111,"column":30},"end":{"line":111,"column":66}},"30":{"start":{"line":111,"column":52},"end":{"line":111,"column":66}},"31":{"start":{"line":111,"column":13},"end":{"line":111,"column":30}},"32":{"start":{"line":112,"column":37},"end":{"line":113,"column":32}},"33":{"start":{"line":113,"column":2},"end":{"line":113,"column":32}},"34":{"start":{"line":112,"column":13},"end":{"line":112,"column":37}},"35":{"start":{"line":114,"column":33},"end":{"line":115,"column":28}},"36":{"start":{"line":115,"column":2},"end":{"line":115,"column":28}},"37":{"start":{"line":114,"column":13},"end":{"line":114,"column":33}},"38":{"start":{"line":116,"column":33},"end":{"line":117,"column":28}},"39":{"start":{"line":117,"column":2},"end":{"line":117,"column":28}},"40":{"start":{"line":116,"column":13},"end":{"line":116,"column":33}}},"fnMap":{"0":{"name":"(anonymous_0)","decl":{"start":{"line":46,"column":32},"end":{"line":46,"column":50}},"loc":{"start":{"line":46,"column":52},"end":{"line":62,"column":1}}},"1":{"name":"(anonymous_1)","decl":{"start":{"line":64,"column":30},"end":{"line":64,"column":31}},"loc":{"start":{"line":64,"column":61},"end":{"line":66,"column":1}}},"2":{"name":"(anonymous_2)","decl":{"start":{"line":74,"column":19},"end":{"line":74,"column":20}},"loc":{"start":{"line":74,"column":69},"end":{"line":78,"column":5}}},"3":{"name":"(anonymous_3)","decl":{"start":{"line":79,"column":24},"end":{"line":79,"column":null}},"loc":{"start":{"line":82,"column":8},"end":{"line":87,"column":5}}},"4":{"name":"(anonymous_4)","decl":{"start":{"line":88,"column":20},"end":{"line":88,"column":21}},"loc":{"start":{"line":88,"column":74},"end":{"line":92,"column":5}}},"5":{"name":"(anonymous_5)","decl":{"start":{"line":93,"column":19},"end":{"line":93,"column":20}},"loc":{"start":{"line":93,"column":29},"end":{"line":100,"column":5}}},"6":{"name":"(anonymous_6)","decl":{"start":{"line":111,"column":30},"end":{"line":111,"column":31}},"loc":{"start":{"line":111,"column":52},"end":{"line":111,"column":66}}},"7":{"name":"(anonymous_7)","decl":{"start":{"line":112,"column":37},"end":{"line":112,"column":38}},"loc":{"start":{"line":113,"column":2},"end":{"line":113,"column":32}}},"8":{"name":"(anonymous_8)","decl":{"start":{"line":114,"column":33},"end":{"line":114,"column":34}},"loc":{"start":{"line":115,"column":2},"end":{"line":115,"column":28}}},"9":{"name":"(anonymous_9)","decl":{"start":{"line":116,"column":33},"end":{"line":116,"column":34}},"loc":{"start":{"line":117,"column":2},"end":{"line":117,"column":28}}}},"branchMap":{"0":{"loc":{"start":{"line":49,"column":4},"end":{"line":51,"column":5}},"type":"if","locations":[{"start":{"line":49,"column":4},"end":{"line":51,"column":5}},{"start":{},"end":{}}]}},"s":{"0":10,"1":10,"2":10,"3":10,"4":10,"5":0,"6":0,"7":10,"8":10,"9":11,"10":10,"11":10,"12":4,"13":4,"14":4,"15":3,"16":3,"17":3,"18":3,"19":4,"20":4,"21":4,"22":4,"23":4,"24":4,"25":4,"26":4,"27":4,"28":10,"29":10,"30":41,"31":10,"32":10,"33":30,"34":10,"35":10,"36":24,"37":10,"38":10,"39":1,"40":10},"f":{"0":10,"1":11,"2":4,"3":3,"4":4,"5":4,"6":41,"7":30,"8":24,"9":1},"b":{"0":[0,10]}}
,"C:\\Users\\Julian\\Documents\\Julian\\P\\Vertex Store\\frontend\\src\\theme\\theme.ts": {"path":"C:\\Users\\Julian\\Documents\\Julian\\P\\Vertex Store\\frontend\\src\\theme\\theme.ts","statementMap":{"0":{"start":{"line":1,"column":0},"end":{"line":1,"column":51}},"1":{"start":{"line":3,"column":14},"end":{"line":190,"column":2}},"2":{"start":{"line":192,"column":0},"end":{"line":192,"column":21}}},"fnMap":{},"branchMap":{},"s":{"0":9,"1":9,"2":9},"f":{},"b":{}}
,"C:\\Users\\Julian\\Documents\\Julian\\P\\Vertex Store\\frontend\\src\\utils\\currency.util.ts": {"path":"C:\\Users\\Julian\\Documents\\Julian\\P\\Vertex Store\\frontend\\src\\utils\\currency.util.ts","statementMap":{"0":{"start":{"line":1,"column":25},"end":{"line":9,"column":1}},"1":{"start":{"line":2,"column":17},"end":{"line":2,"column":36}},"2":{"start":{"line":3,"column":2},"end":{"line":8,"column":20}},"3":{"start":{"line":1,"column":13},"end":{"line":1,"column":25}}},"fnMap":{"0":{"name":"(anonymous_0)","decl":{"start":{"line":1,"column":25},"end":{"line":1,"column":26}},"loc":{"start":{"line":1,"column":59},"end":{"line":9,"column":1}}}},"branchMap":{},"s":{"0":5,"1":649,"2":649,"3":5},"f":{"0":649},"b":{}}
,"C:\\Users\\Julian\\Documents\\Julian\\P\\Vertex Store\\frontend\\src\\utils\\wompi.util.ts": {"path":"C:\\Users\\Julian\\Documents\\Julian\\P\\Vertex Store\\frontend\\src\\utils\\wompi.util.ts","statementMap":{"0":{"start":{"line":1,"column":22},"end":{"line":1,"column":52}},"1":{"start":{"line":2,"column":25},"end":{"line":2,"column":58}},"2":{"start":{"line":18,"column":28},"end":{"line":59,"column":1}},"3":{"start":{"line":21,"column":19},"end":{"line":34,"column":4}},"4":{"start":{"line":36,"column":2},"end":{"line":39,"column":3}},"5":{"start":{"line":37,"column":19},"end":{"line":37,"column":40}},"6":{"start":{"line":38,"column":4},"end":{"line":38,"column":72}},"7":{"start":{"line":41,"column":16},"end":{"line":41,"column":37}},"8":{"start":{"line":50,"column":2},"end":{"line":52,"column":3}},"9":{"start":{"line":51,"column":4},"end":{"line":51,"column":51}},"10":{"start":{"line":54,"column":2},"end":{"line":58,"column":4}},"11":{"start":{"line":18,"column":13},"end":{"line":18,"column":28}},"12":{"start":{"line":61,"column":31},"end":{"line":66,"column":1}},"13":{"start":{"line":62,"column":20},"end":{"line":62,"column":49}},"14":{"start":{"line":63,"column":2},"end":{"line":63,"column":42}},"15":{"start":{"line":63,"column":28},"end":{"line":63,"column":42}},"16":{"start":{"line":64,"column":2},"end":{"line":64,"column":61}},"17":{"start":{"line":64,"column":41},"end":{"line":64,"column":61}},"18":{"start":{"line":65,"column":2},"end":{"line":65,"column":19}},"19":{"start":{"line":61,"column":13},"end":{"line":61,"column":31}},"20":{"start":{"line":68,"column":32},"end":{"line":72,"column":1}},"21":{"start":{"line":69,"column":20},"end":{"line":69,"column":44}},"22":{"start":{"line":70,"column":17},"end":{"line":70,"column":49}},"23":{"start":{"line":71,"column":2},"end":{"line":71,"column":43}},"24":{"start":{"line":68,"column":13},"end":{"line":68,"column":32}}},"fnMap":{"0":{"name":"(anonymous_0)","decl":{"start":{"line":18,"column":28},"end":{"line":18,"column":33}},"loc":{"start":{"line":20,"column":28},"end":{"line":59,"column":1}}},"1":{"name":"(anonymous_1)","decl":{"start":{"line":61,"column":31},"end":{"line":61,"column":32}},"loc":{"start":{"line":61,"column":62},"end":{"line":66,"column":1}}},"2":{"name":"(anonymous_2)","decl":{"start":{"line":68,"column":32},"end":{"line":68,"column":33}},"loc":{"start":{"line":68,"column":58},"end":{"line":72,"column":1}}}},"branchMap":{"0":{"loc":{"start":{"line":36,"column":2},"end":{"line":39,"column":3}},"type":"if","locations":[{"start":{"line":36,"column":2},"end":{"line":39,"column":3}},{"start":{},"end":{}}]},"1":{"loc":{"start":{"line":38,"column":20},"end":{"line":38,"column":70}},"type":"binary-expr","locations":[{"start":{"line":38,"column":20},"end":{"line":38,"column":39}},{"start":{"line":38,"column":43},"end":{"line":38,"column":70}}]},"2":{"loc":{"start":{"line":50,"column":2},"end":{"line":52,"column":3}},"type":"if","locations":[{"start":{"line":50,"column":2},"end":{"line":52,"column":3}},{"start":{},"end":{}}]},"3":{"loc":{"start":{"line":63,"column":2},"end":{"line":63,"column":42}},"type":"if","locations":[{"start":{"line":63,"column":2},"end":{"line":63,"column":42}},{"start":{},"end":{}}]},"4":{"loc":{"start":{"line":64,"column":2},"end":{"line":64,"column":61}},"type":"if","locations":[{"start":{"line":64,"column":2},"end":{"line":64,"column":61}},{"start":{},"end":{}}]},"5":{"loc":{"start":{"line":70,"column":17},"end":{"line":70,"column":49}},"type":"binary-expr","locations":[{"start":{"line":70,"column":17},"end":{"line":70,"column":43}},{"start":{"line":70,"column":47},"end":{"line":70,"column":49}}]}},"s":{"0":2,"1":2,"2":2,"3":4,"4":4,"5":2,"6":2,"7":2,"8":2,"9":1,"10":1,"11":2,"12":2,"13":130,"14":130,"15":106,"16":24,"17":7,"18":17,"19":2,"20":2,"21":47,"22":47,"23":47,"24":2},"f":{"0":4,"1":130,"2":47},"b":{"0":[2,2],"1":[2,1],"2":[1,1],"3":[106,24],"4":[7,17],"5":[47,2]}}
}
