TN:
SF:src\App.tsx
FN:9,(anonymous_1)
FNF:1
FNH:1
FNDA:8,(anonymous_1)
DA:1,1
DA:2,1
DA:3,1
DA:4,1
DA:5,1
DA:6,1
DA:7,1
DA:9,1
DA:10,8
DA:12,8
DA:13,8
DA:14,8
DA:16,8
DA:36,1
LF:14
LH:14
BRDA:21,0,0,3
BRDA:21,0,1,5
BRDA:25,1,0,2
BRDA:25,1,1,6
BRDA:29,2,0,1
BRDA:29,2,1,7
BRF:6
BRH:6
end_of_record
TN:
SF:src\components\auth\LoginModal.tsx
FN:17,(anonymous_0)
FN:24,(anonymous_1)
FN:48,(anonymous_2)
FN:54,(anonymous_3)
FN:61,(anonymous_4)
FN:62,(anonymous_5)
FNF:6
FNH:5
FNDA:79,(anonymous_0)
FNDA:4,(anonymous_1)
FNDA:0,(anonymous_2)
FNDA:39,(anonymous_3)
FNDA:31,(anonymous_4)
FNDA:31,(anonymous_5)
DA:1,1
DA:5,1
DA:6,1
DA:7,1
DA:8,1
DA:17,1
DA:18,79
DA:19,79
DA:20,79
DA:21,79
DA:22,79
DA:24,79
DA:25,4
DA:26,1
DA:27,1
DA:29,3
DA:30,3
DA:31,2
DA:35,2
DA:37,1
DA:41,79
DA:48,0
DA:54,39
DA:61,31
DA:62,31
DA:89,1
LF:26
LH:25
BRDA:25,0,0,1
BRDA:25,0,1,3
BRDA:25,1,0,4
BRDA:25,1,1,3
BRDA:48,2,0,79
BRDA:48,2,1,2
BRDA:62,3,0,31
BRDA:62,3,1,0
BRDA:71,4,0,0
BRDA:71,4,1,79
BRF:10
BRH:8
end_of_record
TN:
SF:src\components\auth\RegisterModal.tsx
FN:17,(anonymous_0)
FN:29,(anonymous_1)
FN:29,(anonymous_2)
FN:30,(anonymous_3)
FN:33,(anonymous_4)
FN:34,(anonymous_5)
FN:61,(anonymous_6)
FNF:7
FNH:6
FNDA:221,(anonymous_0)
FNDA:1105,(anonymous_1)
FNDA:210,(anonymous_2)
FNDA:210,(anonymous_3)
FNDA:5,(anonymous_4)
FNDA:21,(anonymous_5)
FNDA:0,(anonymous_6)
DA:1,1
DA:5,1
DA:6,1
DA:7,1
DA:8,1
DA:17,1
DA:18,221
DA:19,221
DA:20,221
DA:21,221
DA:29,1105
DA:30,210
DA:33,221
DA:34,21
DA:35,1
DA:36,1
DA:38,4
DA:39,1
DA:40,1
DA:42,3
DA:43,3
DA:44,2
DA:48,2
DA:50,1
DA:54,221
DA:61,0
DA:92,1
LF:27
LH:26
BRDA:34,0,0,1
BRDA:34,0,1,4
BRDA:38,1,0,1
BRDA:38,1,1,3
BRDA:61,2,0,221
BRDA:61,2,1,3
BRDA:74,3,0,0
BRDA:74,3,1,221
BRF:8
BRH:7
end_of_record
TN:
SF:src\components\layout\AppLayout.tsx
FN:12,(anonymous_1)
FN:17,(anonymous_2)
FN:32,(anonymous_3)
FNF:3
FNH:3
FNDA:175,(anonymous_1)
FNDA:1,(anonymous_2)
FNDA:1,(anonymous_3)
DA:1,5
DA:2,5
DA:3,5
DA:4,5
DA:5,5
DA:6,5
DA:12,5
DA:13,175
DA:14,175
DA:15,175
DA:17,175
DA:18,1
DA:19,1
DA:20,1
DA:23,175
DA:32,1
DA:67,5
LF:17
LH:17
BRDA:36,0,0,175
BRDA:36,0,1,16
BRF:2
BRH:2
end_of_record
TN:
SF:src\pages\CheckoutPage.tsx
FN:38,(anonymous_1)
FN:65,(anonymous_2)
FN:65,(anonymous_3)
FN:72,(anonymous_4)
FN:76,(anonymous_5)
FN:76,(anonymous_6)
FN:77,(anonymous_7)
FN:80,(anonymous_8)
FN:102,(anonymous_9)
FN:110,(anonymous_10)
FN:177,(anonymous_11)
FN:188,(anonymous_12)
FN:281,(anonymous_13)
FN:283,(anonymous_14)
FN:287,(anonymous_15)
FNF:15
FNH:12
FNDA:118,(anonymous_1)
FNDA:590,(anonymous_2)
FNDA:86,(anonymous_3)
FNDA:86,(anonymous_4)
FNDA:472,(anonymous_5)
FNDA:9,(anonymous_6)
FNDA:9,(anonymous_7)
FNDA:7,(anonymous_8)
FNDA:4,(anonymous_9)
FNDA:7,(anonymous_10)
FNDA:1,(anonymous_11)
FNDA:0,(anonymous_12)
FNDA:0,(anonymous_13)
FNDA:0,(anonymous_14)
FNDA:708,(anonymous_15)
DA:1,1
DA:15,1
DA:16,1
DA:17,1
DA:18,1
DA:19,1
DA:20,1
DA:24,1
DA:25,1
DA:30,1
DA:31,1
DA:36,1
DA:38,1
DA:39,118
DA:40,118
DA:41,118
DA:43,118
DA:44,118
DA:46,118
DA:55,118
DA:62,118
DA:65,590
DA:66,86
DA:67,86
DA:68,40
DA:69,46
DA:70,26
DA:72,86
DA:76,472
DA:77,9
DA:80,118
DA:81,7
DA:82,7
DA:83,7
DA:84,7
DA:85,7
DA:88,7
DA:89,7
DA:91,7
DA:93,7
DA:102,118
DA:103,4
DA:110,118
DA:111,7
DA:112,3
DA:113,3
DA:114,3
DA:115,3
DA:116,3
DA:118,3
DA:119,1
DA:120,2
DA:127,1
DA:129,1
DA:131,3
DA:133,4
DA:134,1
DA:135,1
DA:137,3
DA:138,3
DA:139,3
DA:140,3
DA:147,1
DA:163,1
DA:165,2
DA:169,3
DA:173,118
DA:177,1
DA:188,0
DA:282,0
DA:283,0
DA:288,708
DA:472,1
LF:73
LH:70
BRDA:67,0,0,40
BRDA:67,0,1,46
BRDA:69,1,0,26
BRDA:69,1,1,20
BRDA:88,2,0,7
BRDA:88,2,1,6
BRDA:88,2,2,6
BRDA:89,3,0,7
BRDA:89,3,1,6
BRDA:91,4,0,7
BRDA:91,4,1,5
BRDA:91,4,2,0
BRDA:94,5,0,7
BRDA:94,5,1,6
BRDA:94,5,2,6
BRDA:94,5,3,5
BRDA:94,5,4,4
BRDA:104,6,0,4
BRDA:104,6,1,3
BRDA:104,6,2,3
BRDA:111,7,0,3
BRDA:111,7,1,4
BRDA:118,8,0,1
BRDA:118,8,1,2
BRDA:118,9,0,3
BRDA:118,9,1,2
BRDA:118,9,2,2
BRDA:120,10,0,1
BRDA:120,10,1,1
BRDA:121,11,0,2
BRDA:121,11,1,1
BRDA:121,11,2,1
BRDA:121,11,3,1
BRDA:121,11,4,1
BRDA:121,11,5,0
BRDA:121,11,6,0
BRDA:133,12,0,1
BRDA:133,12,1,3
BRDA:166,13,0,1
BRDA:166,13,1,1
BRDA:187,14,0,118
BRDA:187,14,1,6
BRDA:202,15,0,118
BRDA:202,15,1,104
BRDA:210,16,0,104
BRDA:210,16,1,0
BRDA:282,17,0,0
BRDA:282,17,1,0
BRDA:302,18,0,118
BRDA:302,18,1,590
BRDA:306,19,0,118
BRDA:306,19,1,0
BRDA:324,20,0,0
BRDA:324,20,1,0
BRDA:413,21,0,118
BRDA:413,21,1,0
BRDA:445,22,0,118
BRDA:445,22,1,0
BRDA:458,23,0,3
BRDA:458,23,1,115
BRF:60
BRH:49
end_of_record
TN:
SF:src\pages\ProductPage.tsx
FN:27,(anonymous_1)
FN:41,(anonymous_2)
FN:59,(anonymous_3)
FN:94,(anonymous_4)
FN:106,(anonymous_5)
FN:203,(anonymous_6)
FN:217,(anonymous_7)
FN:218,(anonymous_8)
FN:226,(anonymous_9)
FN:227,(anonymous_10)
FNF:10
FNH:8
FNDA:17,(anonymous_1)
FNDA:5,(anonymous_2)
FNDA:1,(anonymous_3)
FNDA:3,(anonymous_4)
FNDA:30,(anonymous_5)
FNDA:5,(anonymous_6)
FNDA:0,(anonymous_7)
FNDA:2,(anonymous_8)
FNDA:0,(anonymous_9)
FNDA:1,(anonymous_10)
DA:1,1
DA:13,1
DA:14,1
DA:15,1
DA:16,1
DA:17,1
DA:18,1
DA:19,1
DA:20,1
DA:22,1
DA:23,1
DA:24,1
DA:25,1
DA:27,1
DA:28,17
DA:29,17
DA:30,17
DA:31,17
DA:35,17
DA:36,17
DA:37,17
DA:41,17
DA:42,5
DA:43,5
DA:44,4
DA:45,4
DA:46,4
DA:48,1
DA:56,1
DA:59,17
DA:60,1
DA:61,1
DA:62,1
DA:63,1
DA:71,1
DA:75,17
DA:95,3
DA:107,30
DA:203,5
DA:217,0
DA:219,2
DA:220,2
DA:226,0
DA:228,1
DA:229,1
DA:237,1
LF:46
LH:44
BRDA:42,0,0,0
BRDA:42,0,1,5
BRDA:43,1,0,4
BRDA:43,1,1,1
BRDA:62,2,0,1
BRDA:62,2,1,0
BRDA:86,3,0,17
BRDA:86,3,1,1
BRDA:93,4,0,1
BRDA:93,4,1,16
BRDA:116,5,0,15
BRDA:116,5,1,15
BRDA:118,6,0,15
BRDA:118,6,1,15
BRDA:133,7,0,15
BRDA:133,7,1,15
BRDA:134,8,0,15
BRDA:134,8,1,15
BRDA:166,9,0,15
BRDA:166,9,1,15
BRDA:171,10,0,15
BRDA:171,10,1,15
BRDA:206,11,0,15
BRDA:206,11,1,15
BRF:24
BRH:22
end_of_record
TN:
SF:src\pages\ResultPage.tsx
FN:27,(anonymous_1)
FN:49,(anonymous_2)
FN:59,(anonymous_3)
FN:65,(anonymous_4)
FN:67,(anonymous_5)
FN:69,(anonymous_6)
FN:72,(anonymous_7)
FN:76,(anonymous_8)
FNF:8
FNH:8
FNDA:20,(anonymous_1)
FNDA:20,(anonymous_2)
FNDA:19,(anonymous_3)
FNDA:1,(anonymous_4)
FNDA:1,(anonymous_5)
FNDA:3,(anonymous_6)
FNDA:10,(anonymous_7)
FNDA:1,(anonymous_8)
DA:1,1
DA:11,1
DA:12,1
DA:13,1
DA:14,1
DA:15,1
DA:16,1
DA:20,1
DA:21,1
DA:22,1
DA:24,1
DA:25,1
DA:27,1
DA:28,20
DA:29,20
DA:30,20
DA:31,20
DA:32,20
DA:34,20
DA:38,20
DA:39,20
DA:46,20
DA:48,20
DA:49,20
DA:50,20
DA:51,20
DA:52,20
DA:59,20
DA:60,19
DA:61,3
DA:62,0
DA:63,0
DA:65,3
DA:66,1
DA:67,1
DA:69,3
DA:72,20
DA:73,10
DA:76,20
DA:77,1
DA:78,1
DA:81,20
DA:287,1
LF:43
LH:41
BRDA:34,0,0,20
BRDA:34,0,1,1
BRDA:38,1,0,20
BRDA:38,1,1,0
BRDA:38,1,2,0
BRDA:48,2,0,20
BRDA:48,2,1,1
BRDA:60,3,0,16
BRDA:60,3,1,3
BRDA:60,4,0,19
BRDA:60,4,1,3
BRDA:61,5,0,0
BRDA:61,5,1,3
BRDA:73,6,0,8
BRDA:73,6,1,2
BRDA:84,7,0,3
BRDA:84,7,1,17
BRDA:101,8,0,9
BRDA:101,8,1,8
BRDA:109,9,0,9
BRDA:109,9,1,8
BRDA:112,10,0,9
BRDA:112,10,1,8
BRDA:134,11,0,17
BRDA:134,11,1,0
BRDA:150,12,0,9
BRDA:150,12,1,8
BRDA:165,13,0,17
BRDA:165,13,1,1
BRDA:179,14,0,17
BRDA:179,14,1,1
BRDA:193,15,0,17
BRDA:193,15,1,1
BRDA:201,16,0,2
BRDA:201,16,1,15
BRDA:208,17,0,17
BRDA:208,17,1,1
BRDA:211,18,0,17
BRDA:211,18,1,9
BRDA:211,18,2,2
BRDA:250,19,0,2
BRDA:250,19,1,0
BRDA:278,20,0,9
BRDA:278,20,1,8
BRF:44
BRH:39
end_of_record
TN:
SF:src\pages\SummaryPage.tsx
FN:27,(anonymous_1)
FN:35,(anonymous_2)
FN:41,(anonymous_3)
FN:42,(anonymous_4)
FN:43,(anonymous_5)
FN:78,(anonymous_6)
FN:89,(anonymous_7)
FN:231,(anonymous_8)
FNF:8
FNH:7
FNDA:14,(anonymous_1)
FNDA:4,(anonymous_2)
FNDA:2,(anonymous_3)
FNDA:2,(anonymous_4)
FNDA:1,(anonymous_5)
FNDA:1,(anonymous_6)
FNDA:0,(anonymous_7)
FNDA:1,(anonymous_8)
DA:1,1
DA:12,1
DA:13,1
DA:14,1
DA:15,1
DA:16,1
DA:17,1
DA:18,1
DA:19,1
DA:20,1
DA:21,1
DA:22,1
DA:27,1
DA:28,14
DA:29,14
DA:30,14
DA:31,14
DA:32,14
DA:33,14
DA:35,14
DA:36,4
DA:37,1
DA:38,3
DA:39,3
DA:40,3
DA:41,2
DA:42,2
DA:43,1
DA:45,3
DA:55,2
DA:68,2
DA:70,1
DA:74,14
DA:78,1
DA:89,0
DA:233,1
DA:236,1
DA:237,1
DA:238,1
DA:239,1
DA:240,1
DA:245,1
DA:311,1
LF:43
LH:42
BRDA:36,0,0,1
BRDA:36,0,1,3
BRDA:36,1,0,4
BRDA:36,1,1,3
BRDA:36,1,2,3
BRDA:65,2,0,2
BRDA:65,2,1,0
BRDA:88,3,0,14
BRDA:88,3,1,2
BRDA:123,4,0,13
BRDA:123,4,1,1
BRDA:144,5,0,14
BRDA:144,5,1,0
BRDA:184,6,0,14
BRDA:184,6,1,1
BRDA:213,7,0,1
BRDA:213,7,1,13
BRDA:213,8,0,14
BRDA:213,8,1,14
BRDA:223,9,0,14
BRDA:223,9,1,1
BRDA:229,10,0,14
BRDA:229,10,1,14
BRDA:229,10,2,1
BRDA:233,11,0,1
BRDA:233,11,1,0
BRDA:295,12,0,0
BRDA:295,12,1,14
BRDA:300,13,0,1
BRDA:300,13,1,13
BRDA:300,14,0,14
BRDA:300,14,1,14
BRDA:301,15,0,1
BRDA:301,15,1,0
BRDA:303,16,0,13
BRDA:303,16,1,1
BRF:36
BRH:31
end_of_record
TN:
SF:src\shared\constants\fees.constants.ts
FNF:0
FNH:0
DA:1,3
DA:2,3
LF:2
LH:2
BRF:0
BRH:0
end_of_record
TN:
SF:src\store\store.ts
FN:12,(anonymous_0)
FNF:1
FNH:1
FNDA:1,(anonymous_0)
DA:1,1
DA:2,1
DA:3,1
DA:4,1
DA:6,1
DA:13,1
LF:6
LH:6
BRF:0
BRH:0
end_of_record
TN:
SF:src\store\api\auth.api.ts
FN:35,(anonymous_0)
FN:37,(anonymous_1)
FN:44,(anonymous_2)
FNF:3
FNH:0
FNDA:0,(anonymous_0)
FNDA:0,(anonymous_1)
FNDA:0,(anonymous_2)
DA:1,0
DA:34,0
DA:35,0
DA:37,0
DA:44,0
DA:53,0
LF:6
LH:0
BRF:0
BRH:0
end_of_record
TN:
SF:src\store\api\base.api.ts
FN:8,(anonymous_0)
FN:18,(anonymous_1)
FNF:2
FNH:1
FNDA:0,(anonymous_0)
FNDA:10,(anonymous_1)
DA:1,10
DA:4,10
DA:9,0
DA:10,0
DA:11,0
DA:13,0
DA:18,10
LF:7
LH:3
BRDA:7,0,0,10
BRDA:7,0,1,0
BRDA:10,1,0,0
BRDA:10,1,1,0
BRF:4
BRH:1
end_of_record
TN:
SF:src\store\api\products.api.ts
FN:20,(anonymous_0)
FN:22,(anonymous_1)
FN:25,(anonymous_2)
FNF:3
FNH:0
FNDA:0,(anonymous_0)
FNDA:0,(anonymous_1)
FNDA:0,(anonymous_2)
DA:1,0
DA:19,0
DA:20,0
DA:22,0
DA:25,0
DA:30,0
LF:6
LH:0
BRF:0
BRH:0
end_of_record
TN:
SF:src\store\api\transactions.api.ts
FN:45,(anonymous_0)
FN:50,(anonymous_1)
FN:57,(anonymous_2)
FNF:3
FNH:0
FNDA:0,(anonymous_0)
FNDA:0,(anonymous_1)
FNDA:0,(anonymous_2)
DA:1,0
DA:44,0
DA:45,0
DA:50,0
DA:57,0
DA:62,0
LF:6
LH:0
BRF:0
BRH:0
end_of_record
TN:
SF:src\store\slices\auth.slice.ts
FN:19,(anonymous_0)
FN:43,(anonymous_1)
FN:53,(anonymous_2)
FN:64,(anonymous_3)
FN:65,(anonymous_4)
FN:67,(anonymous_5)
FNF:6
FNH:6
FNDA:10,(anonymous_0)
FNDA:6,(anonymous_1)
FNDA:3,(anonymous_2)
FNDA:111,(anonymous_3)
FNDA:24,(anonymous_4)
FNDA:26,(anonymous_5)
DA:1,10
DA:19,10
DA:20,10
DA:21,10
DA:22,10
DA:23,10
DA:24,0
DA:31,0
DA:32,0
DA:34,10
DA:37,10
DA:39,10
DA:47,6
DA:48,6
DA:49,6
DA:50,6
DA:51,6
DA:54,3
DA:55,3
DA:56,3
DA:57,3
DA:58,3
DA:63,10
DA:64,111
DA:65,10
DA:66,24
DA:67,26
LF:27
LH:24
BRDA:23,0,0,0
BRDA:23,0,1,10
BRDA:23,1,0,10
BRDA:23,1,1,0
BRF:4
BRH:2
end_of_record
TN:
SF:src\store\slices\checkout.slice.ts
FN:46,(anonymous_0)
FN:64,(anonymous_1)
FN:74,(anonymous_2)
FN:79,(anonymous_3)
FN:88,(anonymous_4)
FN:93,(anonymous_5)
FN:111,(anonymous_6)
FN:112,(anonymous_7)
FN:114,(anonymous_8)
FN:116,(anonymous_9)
FNF:10
FNH:10
FNDA:10,(anonymous_0)
FNDA:11,(anonymous_1)
FNDA:4,(anonymous_2)
FNDA:3,(anonymous_3)
FNDA:4,(anonymous_4)
FNDA:4,(anonymous_5)
FNDA:41,(anonymous_6)
FNDA:30,(anonymous_7)
FNDA:24,(anonymous_8)
FNDA:1,(anonymous_9)
DA:1,10
DA:46,10
DA:47,10
DA:48,10
DA:49,10
DA:50,0
DA:53,0
DA:55,10
DA:64,10
DA:65,11
DA:68,10
DA:70,10
DA:75,4
DA:76,4
DA:77,4
DA:83,3
DA:84,3
DA:85,3
DA:86,3
DA:89,4
DA:90,4
DA:91,4
DA:94,4
DA:95,4
DA:96,4
DA:97,4
DA:98,4
DA:99,4
DA:104,10
DA:111,41
DA:112,10
DA:113,30
DA:114,10
DA:115,24
DA:116,10
DA:117,1
LF:36
LH:34
BRDA:49,0,0,0
BRDA:49,0,1,10
BRF:2
BRH:1
end_of_record
TN:
SF:src\theme\theme.ts
FNF:0
FNH:0
DA:1,9
DA:3,9
DA:192,9
LF:3
LH:3
BRF:0
BRH:0
end_of_record
TN:
SF:src\utils\currency.util.ts
FN:1,(anonymous_0)
FNF:1
FNH:1
FNDA:649,(anonymous_0)
DA:1,5
DA:2,649
DA:3,649
LF:3
LH:3
BRF:0
BRH:0
end_of_record
TN:
SF:src\utils\wompi.util.ts
FN:18,(anonymous_0)
FN:61,(anonymous_1)
FN:68,(anonymous_2)
FNF:3
FNH:3
FNDA:4,(anonymous_0)
FNDA:130,(anonymous_1)
FNDA:47,(anonymous_2)
DA:1,2
DA:2,2
DA:18,2
DA:21,4
DA:36,4
DA:37,2
DA:38,2
DA:41,2
DA:50,2
DA:51,1
DA:54,1
DA:61,2
DA:62,130
DA:63,130
DA:64,24
DA:65,17
DA:68,2
DA:69,47
DA:70,47
DA:71,47
LF:20
LH:20
BRDA:36,0,0,2
BRDA:36,0,1,2
BRDA:38,1,0,2
BRDA:38,1,1,1
BRDA:50,2,0,1
BRDA:50,2,1,1
BRDA:63,3,0,106
BRDA:63,3,1,24
BRDA:64,4,0,7
BRDA:64,4,1,17
BRDA:70,5,0,47
BRDA:70,5,1,2
BRF:12
BRH:12
end_of_record
